This is pdfTeX, Version 3.141592653-2.6-1.40.24 (TeX Live 2022/Homebrew) (preloaded format=pdflatex 2022.10.3)  18 JAN 2023 14:51
entering extended mode
 restricted \write18 enabled.
 %&-line parsing enabled.
**main
(./main.tex
LaTeX2e <2021-11-15> patch level 1
L3 programming layer <2022-02-24> (./acmart.cls
Document Class: acmart 2022/10/24 v1.88 Typesetting articles for the Associatio
n for Computing Machinery

(/opt/homebrew/Cellar/texlive/20220321_3/share/texmf-dist/tex/latex/xkeyval/xke
yval.sty
Package: xkeyval 2020/11/20 v2.8 package option processing (HA)

(/opt/homebrew/Cellar/texlive/20220321_3/share/texmf-dist/tex/generic/xkeyval/x
keyval.tex
(/opt/homebrew/Cellar/texlive/20220321_3/share/texmf-dist/tex/generic/xkeyval/x
kvutils.tex
\XKV@toks=\toks16
\XKV@tempa@toks=\toks17

(/opt/homebrew/Cellar/texlive/20220321_3/share/texmf-dist/tex/generic/xkeyval/k
eyval.tex))
\XKV@depth=\count185
File: xkeyval.tex 2014/12/03 v2.7a key=value parser (HA)
))
(/opt/homebrew/Cellar/texlive/20220321_3/share/texmf-dist/tex/generic/xstring/x
string.sty
(/opt/homebrew/Cellar/texlive/20220321_3/share/texmf-dist/tex/generic/xstring/x
string.tex
\integerpart=\count186
\decimalpart=\count187
)
Package: xstring 2021/07/21 v1.84 String manipulations (CT)
)
(/opt/homebrew/Cellar/texlive/20220321_3/share/texmf-dist/tex/generic/iftex/ift
ex.sty
Package: iftex 2022/02/03 v1.0f TeX engine tests
)
Package acmart Info: Not using screen mode on input line 76.
Package acmart Info: Using breaking urls on hyphens on input line 84.
Package acmart Info: Requiring acmthm on input line 92.
Package acmart Info: Not using review mode on input line 101.
Package acmart Info: Not using authorversion mode on input line 109.
Package acmart Info: Not using nonacm mode on input line 121.
Package acmart Info: Explicitly selecting natbib mode on input line 137.
Package acmart Info: Not using anonymous mode on input line 145.
Package acmart Info: Not using timestamp mode on input line 153.
Package acmart Info: Not using authordraft mode on input line 163.
Package acmart Info: Using review mode on input line 178.
Package acmart Info: Using anonymous mode on input line 178.
Class acmart Info: Using format sigconf, number 4 on input line 178.
Class acmart Info: Using fontsize 9pt on input line 277.

(/opt/homebrew/Cellar/texlive/20220321_3/share/texmf-dist/tex/latex/amscls/amsa
rt.cls
Document Class: amsart 2020/05/29 v2.20.6
\linespacing=\dimen138
\normalparindent=\dimen139
\normaltopskip=\skip47

(/opt/homebrew/Cellar/texlive/20220321_3/share/texmf-dist/tex/latex/amsmath/ams
math.sty
Package: amsmath 2021/10/15 v2.17l AMS math features
\@mathmargin=\skip48

For additional information on amsmath, use the `?' option.

(/opt/homebrew/Cellar/texlive/20220321_3/share/texmf-dist/tex/latex/amsmath/ams
text.sty
Package: amstext 2021/08/26 v2.01 AMS text

(/opt/homebrew/Cellar/texlive/20220321_3/share/texmf-dist/tex/latex/amsmath/ams
gen.sty
File: amsgen.sty 1999/11/30 v2.0 generic functions
\@emptytoks=\toks18
\ex@=\dimen140
))
(/opt/homebrew/Cellar/texlive/20220321_3/share/texmf-dist/tex/latex/amsmath/ams
bsy.sty
Package: amsbsy 1999/11/29 v1.2d Bold Symbols
\pmbraise@=\dimen141
)
(/opt/homebrew/Cellar/texlive/20220321_3/share/texmf-dist/tex/latex/amsmath/ams
opn.sty
Package: amsopn 2021/08/26 v2.02 operator names
)
\inf@bad=\count188
LaTeX Info: Redefining \frac on input line 234.
\uproot@=\count189
\leftroot@=\count190
LaTeX Info: Redefining \overline on input line 399.
\classnum@=\count191
\DOTSCASE@=\count192
LaTeX Info: Redefining \ldots on input line 496.
LaTeX Info: Redefining \dots on input line 499.
LaTeX Info: Redefining \cdots on input line 620.
\Mathstrutbox@=\box50
\strutbox@=\box51
\big@size=\dimen142
LaTeX Font Info:    Redeclaring font encoding OML on input line 743.
LaTeX Font Info:    Redeclaring font encoding OMS on input line 744.
\macc@depth=\count193
\c@MaxMatrixCols=\count194
\dotsspace@=\muskip16
\c@parentequation=\count195
\dspbrk@lvl=\count196
\tag@help=\toks19
\row@=\count197
\column@=\count198
\maxfields@=\count199
\andhelp@=\toks20
\eqnshift@=\dimen143
\alignsep@=\dimen144
\tagshift@=\dimen145
\tagwidth@=\dimen146
\totwidth@=\dimen147
\lineht@=\dimen148
\@envbody=\toks21
\multlinegap=\skip49
\multlinetaggap=\skip50
\mathdisplay@stack=\toks22
LaTeX Info: Redefining \[ on input line 2938.
LaTeX Info: Redefining \] on input line 2939.
)
LaTeX Font Info:    Trying to load font information for U+msa on input line 397
.

(/opt/homebrew/Cellar/texlive/20220321_3/share/texmf-dist/tex/latex/amsfonts/um
sa.fd
File: umsa.fd 2013/01/14 v3.01 AMS symbols A
)
(/opt/homebrew/Cellar/texlive/20220321_3/share/texmf-dist/tex/latex/amsfonts/am
sfonts.sty
Package: amsfonts 2013/01/14 v3.01 Basic AMSFonts support
\symAMSa=\mathgroup4
\symAMSb=\mathgroup5
LaTeX Font Info:    Redeclaring math symbol \hbar on input line 98.
LaTeX Font Info:    Overwriting math alphabet `\mathfrak' in version `bold'
(Font)                  U/euf/m/n --> U/euf/b/n on input line 106.
)
\copyins=\insert252
\abstractbox=\box52
\listisep=\skip51
\c@part=\count266
\c@section=\count267
\c@subsection=\count268
\c@subsubsection=\count269
\c@paragraph=\count270
\c@subparagraph=\count271
\c@figure=\count272
\c@table=\count273
\abovecaptionskip=\skip52
\belowcaptionskip=\skip53
\captionindent=\dimen149
\thm@style=\toks23
\thm@bodyfont=\toks24
\thm@headfont=\toks25
\thm@notefont=\toks26
\thm@headpunct=\toks27
\thm@preskip=\skip54
\thm@postskip=\skip55
\thm@headsep=\skip56
\dth@everypar=\toks28
)
(/opt/homebrew/Cellar/texlive/20220321_3/share/texmf-dist/tex/latex/microtype/m
icrotype.sty
Package: microtype 2022/03/14 v3.0d Micro-typographical refinements (RS)

(/opt/homebrew/Cellar/texlive/20220321_3/share/texmf-dist/tex/latex/etoolbox/et
oolbox.sty
Package: etoolbox 2020/10/05 v2.5k e-TeX tools for LaTeX (JAW)
\etb@tempcnta=\count274
)
\MT@toks=\toks29
\MT@tempbox=\box53
\MT@count=\count275
LaTeX Info: Redefining \noprotrusionifhmode on input line 1027.
LaTeX Info: Redefining \leftprotrusion on input line 1028.
LaTeX Info: Redefining \rightprotrusion on input line 1036.
LaTeX Info: Redefining \textls on input line 1195.
\MT@outer@kern=\dimen150
LaTeX Info: Redefining \textmicrotypecontext on input line 1781.
\MT@listname@count=\count276

(/opt/homebrew/Cellar/texlive/20220321_3/share/texmf-dist/tex/latex/microtype/m
icrotype-pdftex.def
File: microtype-pdftex.def 2022/03/14 v3.0d Definitions specific to pdftex (RS)

LaTeX Info: Redefining \lsstyle on input line 900.
LaTeX Info: Redefining \lslig on input line 900.
\MT@outer@space=\skip57
)
Package microtype Info: Loading configuration file microtype.cfg.

(/opt/homebrew/Cellar/texlive/20220321_3/share/texmf-dist/tex/latex/microtype/m
icrotype.cfg
File: microtype.cfg 2022/03/14 v3.0d microtype main configuration file (RS)
))
(/opt/homebrew/Cellar/texlive/20220321_3/share/texmf-dist/tex/latex/booktabs/bo
oktabs.sty
Package: booktabs 2020/01/12 v1.61803398 Publication quality tables
\heavyrulewidth=\dimen151
\lightrulewidth=\dimen152
\cmidrulewidth=\dimen153
\belowrulesep=\dimen154
\belowbottomsep=\dimen155
\aboverulesep=\dimen156
\abovetopsep=\dimen157
\cmidrulesep=\dimen158
\cmidrulekern=\dimen159
\defaultaddspace=\dimen160
\@cmidla=\count277
\@cmidlb=\count278
\@aboverulesep=\dimen161
\@belowrulesep=\dimen162
\@thisruleclass=\count279
\@lastruleclass=\count280
\@thisrulewidth=\dimen163
)
(/opt/homebrew/Cellar/texlive/20220321_3/share/texmf-dist/tex/latex/refcount/re
fcount.sty
Package: refcount 2019/12/15 v3.6 Data extraction from label references (HO)

(/opt/homebrew/Cellar/texlive/20220321_3/share/texmf-dist/tex/generic/ltxcmds/l
txcmds.sty
Package: ltxcmds 2020-05-10 v1.25 LaTeX kernel commands for general use (HO)
)
(/opt/homebrew/Cellar/texlive/20220321_3/share/texmf-dist/tex/generic/infwarerr
/infwarerr.sty
Package: infwarerr 2019/12/03 v1.5 Providing info/warning/error messages (HO)
))
(/opt/homebrew/Cellar/texlive/20220321_3/share/texmf-dist/tex/latex/totpages/to
tpages.sty
Package: totpages 2005/09/19 v2.00 Totpages Package (muewi)

(/opt/homebrew/Cellar/texlive/20220321_3/share/texmf-dist/tex/latex/everyshi/ev
eryshi.sty
Package: everyshi 2020/11/18 v4.00 EveryShipout Package
))
(/opt/homebrew/Cellar/texlive/20220321_3/share/texmf-dist/tex/latex/environ/env
iron.sty
Package: environ 2014/05/04 v0.3 A new way to define environments

(/opt/homebrew/Cellar/texlive/20220321_3/share/texmf-dist/tex/latex/trimspaces/
trimspaces.sty
Package: trimspaces 2009/09/17 v1.1 Trim spaces around a token list
))
(/opt/homebrew/Cellar/texlive/20220321_3/share/texmf-dist/tex/latex/textcase/te
xtcase.sty
Package: textcase 2019/09/14 v1.00 Text only upper/lower case changing (DPC)
)
(/opt/homebrew/Cellar/texlive/20220321_3/share/texmf-dist/tex/latex/natbib/natb
ib.sty
Package: natbib 2010/09/13 8.31b (PWD, AO)
\bibhang=\skip58
\bibsep=\skip59
LaTeX Info: Redefining \cite on input line 694.
\c@NAT@ctr=\count281
)
(/opt/homebrew/Cellar/texlive/20220321_3/share/texmf-dist/tex/latex/hyperxmp/hy
perxmp.sty
Package: hyperxmp 2020/11/22 v5.9 Store hyperref metadata in XMP format
\hyxmp@aep@toks=\toks30

(/opt/homebrew/Cellar/texlive/20220321_3/share/texmf-dist/tex/latex/kvoptions/k
voptions.sty
Package: kvoptions 2020-10-07 v3.14 Key value format for package options (HO)

(/opt/homebrew/Cellar/texlive/20220321_3/share/texmf-dist/tex/generic/kvsetkeys
/kvsetkeys.sty
Package: kvsetkeys 2019/12/15 v1.18 Key value parser (HO)
))
(/opt/homebrew/Cellar/texlive/20220321_3/share/texmf-dist/tex/generic/pdfescape
/pdfescape.sty
Package: pdfescape 2019/12/09 v1.15 Implements pdfTeX's escape features (HO)

(/opt/homebrew/Cellar/texlive/20220321_3/share/texmf-dist/tex/generic/pdftexcmd
s/pdftexcmds.sty
Package: pdftexcmds 2020-06-27 v0.33 Utility functions of pdfTeX for LuaTeX (HO
)
Package pdftexcmds Info: \pdf@primitive is available.
Package pdftexcmds Info: \pdf@ifprimitive is available.
Package pdftexcmds Info: \pdfdraftmode found.
))
(/opt/homebrew/Cellar/texlive/20220321_3/share/texmf-dist/tex/generic/stringenc
/stringenc.sty
Package: stringenc 2019/11/29 v1.12 Convert strings between diff. encodings (HO
)
)
(/opt/homebrew/Cellar/texlive/20220321_3/share/texmf-dist/tex/generic/intcalc/i
ntcalc.sty
Package: intcalc 2019/12/15 v1.3 Expandable calculations with integers (HO)
)
(/opt/homebrew/Cellar/texlive/20220321_3/share/texmf-dist/tex/latex/ifmtarg/ifm
targ.sty
Package: ifmtarg 2018/04/16 v1.2b check for an empty argument
)
(/opt/homebrew/Cellar/texlive/20220321_3/share/texmf-dist/tex/latex/base/ifthen
.sty
Package: ifthen 2020/11/24 v1.1c Standard LaTeX ifthen package (DPC)
)
(/opt/homebrew/Cellar/texlive/20220321_3/share/texmf-dist/tex/latex/oberdiek/if
draft.sty
Package: ifdraft 2016/05/16 v1.4 Detect class options draft and final (HO)
)
(/opt/homebrew/Cellar/texlive/20220321_3/share/texmf-dist/tex/generic/iftex/ifl
uatex.sty
Package: ifluatex 2019/10/25 v1.5 ifluatex legacy package. Use iftex instead.
))
(/opt/homebrew/Cellar/texlive/20220321_3/share/texmf-dist/tex/latex/hyperref/hy
perref.sty
Package: hyperref 2022-02-21 v7.00n Hypertext links for LaTeX

(/opt/homebrew/Cellar/texlive/20220321_3/share/texmf-dist/tex/generic/kvdefinek
eys/kvdefinekeys.sty
Package: kvdefinekeys 2019-12-19 v1.6 Define keys (HO)
)
(/opt/homebrew/Cellar/texlive/20220321_3/share/texmf-dist/tex/latex/hycolor/hyc
olor.sty
Package: hycolor 2020-01-27 v1.10 Color options for hyperref/bookmark (HO)
)
(/opt/homebrew/Cellar/texlive/20220321_3/share/texmf-dist/tex/latex/letltxmacro
/letltxmacro.sty
Package: letltxmacro 2019/12/03 v1.6 Let assignment for LaTeX macros (HO)
)
(/opt/homebrew/Cellar/texlive/20220321_3/share/texmf-dist/tex/latex/auxhook/aux
hook.sty
Package: auxhook 2019-12-17 v1.6 Hooks for auxiliary files (HO)
)
\@linkdim=\dimen164
\Hy@linkcounter=\count282
\Hy@pagecounter=\count283

(/opt/homebrew/Cellar/texlive/20220321_3/share/texmf-dist/tex/latex/hyperref/pd
1enc.def
File: pd1enc.def 2022-02-21 v7.00n Hyperref: PDFDocEncoding definition (HO)
Now handling font encoding PD1 ...
... no UTF-8 mapping file for font encoding PD1
)
(/opt/homebrew/Cellar/texlive/20220321_3/share/texmf-dist/tex/generic/etexcmds/
etexcmds.sty
Package: etexcmds 2019/12/15 v1.7 Avoid name clashes with e-TeX commands (HO)
)
\Hy@SavedSpaceFactor=\count284

(/opt/homebrew/Cellar/texlive/20220321_3/share/texmf-dist/tex/latex/hyperref/pu
enc.def
File: puenc.def 2022-02-21 v7.00n Hyperref: PDF Unicode definition (HO)
Now handling font encoding PU ...
... no UTF-8 mapping file for font encoding PU
)
Package hyperref Info: Option `bookmarksnumbered' set `true' on input line 4018
.
Package hyperref Info: Option `unicode' set `true' on input line 4018.
Package hyperref Info: Hyper figures OFF on input line 4137.
Package hyperref Info: Link nesting OFF on input line 4142.
Package hyperref Info: Hyper index ON on input line 4145.
Package hyperref Info: Plain pages OFF on input line 4152.
Package hyperref Info: Backreferencing OFF on input line 4157.
Package hyperref Info: Implicit mode ON; LaTeX internals redefined.
Package hyperref Info: Bookmarks ON on input line 4390.
\c@Hy@tempcnt=\count285

(/opt/homebrew/Cellar/texlive/20220321_3/share/texmf-dist/tex/latex/url/url.sty
\Urlmuskip=\muskip17
Package: url 2013/09/16  ver 3.4  Verb mode for urls, etc.
)
LaTeX Info: Redefining \url on input line 4749.
\XeTeXLinkMargin=\dimen165

(/opt/homebrew/Cellar/texlive/20220321_3/share/texmf-dist/tex/generic/bitset/bi
tset.sty
Package: bitset 2019/12/09 v1.3 Handle bit-vector datatype (HO)

(/opt/homebrew/Cellar/texlive/20220321_3/share/texmf-dist/tex/generic/bigintcal
c/bigintcalc.sty
Package: bigintcalc 2019/12/15 v1.5 Expandable calculations on big integers (HO
)
))
\Fld@menulength=\count286
\Field@Width=\dimen166
\Fld@charsize=\dimen167
Package hyperref Info: Hyper figures OFF on input line 6027.
Package hyperref Info: Link nesting OFF on input line 6032.
Package hyperref Info: Hyper index ON on input line 6035.
Package hyperref Info: backreferencing OFF on input line 6042.
Package hyperref Info: Link coloring OFF on input line 6047.
Package hyperref Info: Link coloring with OCG OFF on input line 6052.
Package hyperref Info: PDF/A mode OFF on input line 6057.
LaTeX Info: Redefining \ref on input line 6097.
LaTeX Info: Redefining \pageref on input line 6101.

(/opt/homebrew/Cellar/texlive/20220321_3/share/texmf-dist/tex/latex/base/atbegs
hi-ltx.sty
Package: atbegshi-ltx 2021/01/10 v1.0c Emulation of the original atbegshi
package with kernel methods
)
\Hy@abspage=\count287
\c@Item=\count288
\c@Hfootnote=\count289
)
Package hyperref Info: Driver (autodetected): hpdftex.

(/opt/homebrew/Cellar/texlive/20220321_3/share/texmf-dist/tex/latex/hyperref/hp
dftex.def
File: hpdftex.def 2022-02-21 v7.00n Hyperref driver for pdfTeX

(/opt/homebrew/Cellar/texlive/20220321_3/share/texmf-dist/tex/latex/base/atvery
end-ltx.sty
Package: atveryend-ltx 2020/08/19 v1.0a Emulation of the original atveryend pac
kage
with kernel methods
)
\Fld@listcount=\count290
\c@bookmark@seq@number=\count291

(/opt/homebrew/Cellar/texlive/20220321_3/share/texmf-dist/tex/latex/rerunfilech
eck/rerunfilecheck.sty
Package: rerunfilecheck 2019/12/05 v1.9 Rerun checks for auxiliary files (HO)

(/opt/homebrew/Cellar/texlive/20220321_3/share/texmf-dist/tex/generic/uniquecou
nter/uniquecounter.sty
Package: uniquecounter 2019/12/15 v1.4 Provide unlimited unique counter (HO)
)
Package uniquecounter Info: New unique counter `rerunfilecheck' on input line 2
86.
)
\Hy@SectionHShift=\skip60
)
(/opt/homebrew/Cellar/texlive/20220321_3/share/texmf-dist/tex/latex/graphics/gr
aphicx.sty
Package: graphicx 2021/09/16 v1.2d Enhanced LaTeX Graphics (DPC,SPQR)

(/opt/homebrew/Cellar/texlive/20220321_3/share/texmf-dist/tex/latex/graphics/gr
aphics.sty
Package: graphics 2021/03/04 v1.4d Standard LaTeX Graphics (DPC,SPQR)

(/opt/homebrew/Cellar/texlive/20220321_3/share/texmf-dist/tex/latex/graphics/tr
ig.sty
Package: trig 2021/08/11 v1.11 sin cos tan (DPC)
)
(/opt/homebrew/Cellar/texlive/20220321_3/share/texmf-dist/tex/latex/graphics-cf
g/graphics.cfg
File: graphics.cfg 2016/06/04 v1.11 sample graphics configuration
)
Package graphics Info: Driver file: pdftex.def on input line 107.

(/opt/homebrew/Cellar/texlive/20220321_3/share/texmf-dist/tex/latex/graphics-de
f/pdftex.def
File: pdftex.def 2020/10/05 v1.2a Graphics/color driver for pdftex
))
\Gin@req@height=\dimen168
\Gin@req@width=\dimen169
)
(/opt/homebrew/Cellar/texlive/20220321_3/share/texmf-dist/tex/latex/xcolor/xcol
or.sty
Package: xcolor 2021/10/31 v2.13 LaTeX color extensions (UK)

(/opt/homebrew/Cellar/texlive/20220321_3/share/texmf-dist/tex/latex/graphics-cf
g/color.cfg
File: color.cfg 2016/01/02 v1.6 sample color configuration
)
Package xcolor Info: Driver file: pdftex.def on input line 227.
Package xcolor Info: Model `cmy' substituted by `cmy0' on input line 1352.
Package xcolor Info: Model `hsb' substituted by `rgb' on input line 1356.
Package xcolor Info: Model `RGB' extended on input line 1368.
Package xcolor Info: Model `HTML' substituted by `rgb' on input line 1370.
Package xcolor Info: Model `Hsb' substituted by `hsb' on input line 1371.
Package xcolor Info: Model `tHsb' substituted by `hsb' on input line 1372.
Package xcolor Info: Model `HSB' substituted by `hsb' on input line 1373.
Package xcolor Info: Model `Gray' substituted by `gray' on input line 1374.
Package xcolor Info: Model `wave' substituted by `hsb' on input line 1375.
)
(/opt/homebrew/Cellar/texlive/20220321_3/share/texmf-dist/tex/latex/geometry/ge
ometry.sty
Package: geometry 2020/01/02 v5.9 Page Geometry

(/opt/homebrew/Cellar/texlive/20220321_3/share/texmf-dist/tex/generic/iftex/ifv
tex.sty
Package: ifvtex 2019/10/25 v1.7 ifvtex legacy package. Use iftex instead.
)
\Gm@cnth=\count292
\Gm@cntv=\count293
\c@Gm@tempcnt=\count294
\Gm@bindingoffset=\dimen170
\Gm@wd@mp=\dimen171
\Gm@odd@mp=\dimen172
\Gm@even@mp=\dimen173
\Gm@layoutwidth=\dimen174
\Gm@layoutheight=\dimen175
\Gm@layouthoffset=\dimen176
\Gm@layoutvoffset=\dimen177
\Gm@dimlist=\toks31
)
(/opt/homebrew/Cellar/texlive/20220321_3/share/texmf-dist/tex/latex/ncctools/ma
nyfoot.sty
Package: manyfoot 2019/08/03 v1.11 Many Footnote Levels Package (NCC)

(/opt/homebrew/Cellar/texlive/20220321_3/share/texmf-dist/tex/latex/ncctools/nc
cfoots.sty
Package: nccfoots 2005/02/03 v1.2 NCC Footnotes Package (NCC)
)
\MFL@columnwidth=\dimen178
)
\footinsauthorsaddresses=\insert251
\c@footnoteauthorsaddresses=\count295
\footinscopyrightpermission=\insert250
\c@footnotecopyrightpermission=\count296

(/opt/homebrew/Cellar/texlive/20220321_3/share/texmf-dist/tex/generic/pdftex/gl
yphtounicode.tex)
(/opt/homebrew/Cellar/texlive/20220321_3/share/texmf-dist/tex/latex/cmap/cmap.s
ty
Package: cmap 2021/02/06 v1.0j CMap support: searchable PDF
)
(/opt/homebrew/Cellar/texlive/20220321_3/share/texmf-dist/tex/latex/base/fonten
c.sty
Package: fontenc 2021/04/29 v2.0v Standard LaTeX package
<<t1.cmap>>)
(/opt/homebrew/Cellar/texlive/20220321_3/share/texmf-dist/tex/latex/libertine/l
ibertine.sty
Package: libertine 2020/03/26 (Bob Tennent) Supports Libertine and Biolinum fon
ts for all LaTeX engines.

(/opt/homebrew/Cellar/texlive/20220321_3/share/texmf-dist/tex/generic/iftex/ifx
etex.sty
Package: ifxetex 2019/10/25 v0.7 ifxetex legacy package. Use iftex instead.
)
(/opt/homebrew/Cellar/texlive/20220321_3/share/texmf-dist/tex/latex/base/textco
mp.sty
Package: textcomp 2020/02/02 v2.0n Standard LaTeX package
)
(/opt/homebrew/Cellar/texlive/20220321_3/share/texmf-dist/tex/latex/base/fonten
c.sty
Package: fontenc 2021/04/29 v2.0v Standard LaTeX package
)
(/opt/homebrew/Cellar/texlive/20220321_3/share/texmf-dist/tex/latex/fontaxes/fo
ntaxes.sty
Package: fontaxes 2020/07/21 v1.0e Font selection axes
LaTeX Info: Redefining \upshape on input line 29.
LaTeX Info: Redefining \itshape on input line 31.
LaTeX Info: Redefining \slshape on input line 33.
LaTeX Info: Redefining \swshape on input line 35.
LaTeX Info: Redefining \scshape on input line 37.
LaTeX Info: Redefining \sscshape on input line 39.
LaTeX Info: Redefining \ulcshape on input line 41.
LaTeX Info: Redefining \textsw on input line 47.
LaTeX Info: Redefining \textssc on input line 48.
LaTeX Info: Redefining \textulc on input line 49.
)
LaTeX Info: Redefining \oldstylenums on input line 484.

(/opt/homebrew/Cellar/texlive/20220321_3/share/texmf-dist/tex/latex/libertine/L
inLibertine_I.tex))
(/opt/homebrew/Cellar/texlive/20220321_3/share/texmf-dist/tex/latex/inconsolata
/zi4.sty
Package: zi4 2019/05/17 v1.12

`inconsolata-zi4' v1.12, 2019/05/17 Text macros for Inconsolata (msharpe)
\zifour@ocount=\count297
)
(/opt/homebrew/Cellar/texlive/20220321_3/share/texmf-dist/tex/latex/newtx/newtx
math.sty
Package: newtxmath 2022/01/16 v1.71

`newtxmath' v1.71, 2022/01/16 Math macros based originally on txfonts (msharpe)

(/opt/homebrew/Cellar/texlive/20220321_3/share/texmf-dist/tex/latex/oberdiek/ce
nternot.sty
Package: centernot 2016/05/16 v1.4 Centers the not symbol horizontally (HO)
)
\tx@cntz=\count298

(/opt/homebrew/Cellar/texlive/20220321_3/share/texmf-dist/tex/generic/kastrup/b
inhex.tex)
\tx@Isdigit=\count299
\tx@IsAlNum=\count300
\tx@tA=\toks32
\tx@tB=\toks33
\tx@su=\read2

amsthm NOT loaded
LaTeX Font Info:    Redeclaring symbol font `operators' on input line 376.
LaTeX Font Info:    Overwriting symbol font `operators' in version `normal'
(Font)                  OT1/cmr/m/n --> OT1/LinuxLibertineT-TLF/m/n on input li
ne 376.
LaTeX Font Info:    Overwriting symbol font `operators' in version `bold'
(Font)                  OT1/cmr/bx/n --> OT1/LinuxLibertineT-TLF/m/n on input l
ine 376.
LaTeX Font Info:    Overwriting symbol font `operators' in version `bold'
(Font)                  OT1/LinuxLibertineT-TLF/m/n --> OT1/LinuxLibertineT-TLF
/sb/n on input line 377.
LaTeX Font Info:    Redeclaring math alphabet \mathsf on input line 383.
LaTeX Font Info:    Overwriting math alphabet `\mathsf' in version `normal'
(Font)                  OT1/cmss/m/n --> T1/LinuxBiolinumT-TLF/m/n on input lin
e 383.
LaTeX Font Info:    Overwriting math alphabet `\mathsf' in version `bold'
(Font)                  OT1/cmss/bx/n --> T1/LinuxBiolinumT-TLF/m/n on input li
ne 383.
LaTeX Font Info:    Redeclaring math alphabet \mathit on input line 384.
LaTeX Font Info:    Overwriting math alphabet `\mathit' in version `normal'
(Font)                  OT1/cmr/m/it --> OT1/LinuxLibertineT-TLF/m/it on input 
line 384.
LaTeX Font Info:    Overwriting math alphabet `\mathit' in version `bold'
(Font)                  OT1/cmr/bx/it --> OT1/LinuxLibertineT-TLF/m/it on input
 line 384.
LaTeX Font Info:    Redeclaring math alphabet \mathtt on input line 385.
LaTeX Font Info:    Overwriting math alphabet `\mathtt' in version `normal'
(Font)                  OT1/cmtt/m/n --> T1/zi4/m/n on input line 385.
LaTeX Font Info:    Overwriting math alphabet `\mathtt' in version `bold'
(Font)                  OT1/cmtt/m/n --> T1/zi4/m/n on input line 385.
LaTeX Font Info:    Redeclaring math alphabet \mathbf on input line 387.
LaTeX Font Info:    Overwriting math alphabet `\mathbf' in version `normal'
(Font)                  OT1/cmr/bx/n --> OT1/LinuxLibertineT-TLF/sb/n on input 
line 387.
LaTeX Font Info:    Overwriting math alphabet `\mathbf' in version `bold'
(Font)                  OT1/cmr/bx/n --> OT1/LinuxLibertineT-TLF/sb/n on input 
line 387.
LaTeX Font Info:    Overwriting math alphabet `\mathit' in version `bold'
(Font)                  OT1/LinuxLibertineT-TLF/m/it --> OT1/LinuxLibertineT-TL
F/sb/it on input line 388.
LaTeX Font Info:    Overwriting math alphabet `\mathsf' in version `bold'
(Font)                  T1/LinuxBiolinumT-TLF/m/n --> T1/LinuxBiolinumT-TLF/b/n
 on input line 389.
LaTeX Font Info:    Overwriting math alphabet `\mathtt' in version `bold'
(Font)                  T1/zi4/m/n --> T1/zi4/b/n on input line 390.
LaTeX Font Info:    Redeclaring symbol font `letters' on input line 407.
LaTeX Font Info:    Overwriting symbol font `letters' in version `normal'
(Font)                  OML/cmm/m/it --> OML/nxlmi/m/it on input line 407.
LaTeX Font Info:    Overwriting symbol font `letters' in version `bold'
(Font)                  OML/cmm/b/it --> OML/nxlmi/m/it on input line 407.
LaTeX Font Info:    Overwriting symbol font `letters' in version `bold'
(Font)                  OML/nxlmi/m/it --> OML/nxlmi/b/it on input line 408.
\symlettersA=\mathgroup6
LaTeX Font Info:    Overwriting symbol font `lettersA' in version `bold'
(Font)                  U/ntxmia/m/it --> U/ntxmia/b/it on input line 547.
LaTeX Font Info:    Redeclaring math alphabet \mathfrak on input line 549.
Now handling font encoding LMS ...
... no UTF-8 mapping file for font encoding LMS
LaTeX Font Info:    Redeclaring symbol font `symbols' on input line 568.
LaTeX Font Info:    Encoding `OMS' has changed to `LMS' for symbol font
(Font)              `symbols' in the math version `normal' on input line 568.
LaTeX Font Info:    Overwriting symbol font `symbols' in version `normal'
(Font)                  OMS/cmsy/m/n --> LMS/ntxsy/m/n on input line 568.
LaTeX Font Info:    Encoding `OMS' has changed to `LMS' for symbol font
(Font)              `symbols' in the math version `bold' on input line 568.
LaTeX Font Info:    Overwriting symbol font `symbols' in version `bold'
(Font)                  OMS/cmsy/b/n --> LMS/ntxsy/m/n on input line 568.
LaTeX Font Info:    Overwriting symbol font `symbols' in version `bold'
(Font)                  LMS/ntxsy/m/n --> LMS/ntxsy/b/n on input line 569.
\symAMSm=\mathgroup7
LaTeX Font Info:    Overwriting symbol font `AMSm' in version `bold'
(Font)                  U/ntxsym/m/n --> U/ntxsym/b/n on input line 594.
\symsymbolsC=\mathgroup8
LaTeX Font Info:    Overwriting symbol font `symbolsC' in version `bold'
(Font)                  U/ntxsyc/m/n --> U/ntxsyc/b/n on input line 615.
Now handling font encoding LMX ...
... no UTF-8 mapping file for font encoding LMX
LaTeX Font Info:    Redeclaring symbol font `largesymbols' on input line 628.
LaTeX Font Info:    Encoding `OMX' has changed to `LMX' for symbol font
(Font)              `largesymbols' in the math version `normal' on input line 6
28.
LaTeX Font Info:    Overwriting symbol font `largesymbols' in version `normal'
(Font)                  OMX/cmex/m/n --> LMX/ntxexx/m/n on input line 628.
LaTeX Font Info:    Encoding `OMX' has changed to `LMX' for symbol font
(Font)              `largesymbols' in the math version `bold' on input line 628
.
LaTeX Font Info:    Overwriting symbol font `largesymbols' in version `bold'
(Font)                  OMX/cmex/m/n --> LMX/ntxexx/m/n on input line 628.
LaTeX Font Info:    Overwriting symbol font `largesymbols' in version `bold'
(Font)                  LMX/ntxexx/m/n --> LMX/ntxexx/b/n on input line 629.
\symlargesymbolsTXA=\mathgroup9
LaTeX Font Info:    Overwriting symbol font `largesymbolsTXA' in version `bold'

(Font)                  U/ntxexa/m/n --> U/ntxexa/b/n on input line 643.
\tx@sbptoks=\toks34
LaTeX Font Info:    Redeclaring math delimiter \lfloor on input line 866.
LaTeX Font Info:    Redeclaring math delimiter \rfloor on input line 867.
LaTeX Font Info:    Redeclaring math delimiter \lceil on input line 868.
LaTeX Font Info:    Redeclaring math delimiter \rceil on input line 869.
LaTeX Font Info:    Redeclaring math delimiter \lbrace on input line 870.
LaTeX Font Info:    Redeclaring math delimiter \rbrace on input line 871.
LaTeX Font Info:    Redeclaring math delimiter \langle on input line 872.
LaTeX Font Info:    Redeclaring math delimiter \rangle on input line 874.
LaTeX Font Info:    Redeclaring math delimiter \arrowvert on input line 878.
LaTeX Font Info:    Redeclaring math delimiter \vert on input line 879.
LaTeX Font Info:    Redeclaring math accent \dot on input line 950.
LaTeX Font Info:    Redeclaring math accent \ddot on input line 951.
LaTeX Font Info:    Redeclaring math accent \vec on input line 2020.
LaTeX Info: Redefining \Bbbk on input line 2810.
LaTeX Info: Redefining \not on input line 2959.
LaTeX Info: Redefining \textsquare on input line 2989.
LaTeX Info: Redefining \openbox on input line 2991.
)
(/opt/homebrew/Cellar/texlive/20220321_3/share/texmf-dist/tex/latex/caption/cap
tion.sty
Package: caption 2022/03/01 v3.6b Customizing captions (AR)

(/opt/homebrew/Cellar/texlive/20220321_3/share/texmf-dist/tex/latex/caption/cap
tion3.sty
Package: caption3 2022/03/17 v2.3b caption3 kernel (AR)
\caption@tempdima=\dimen179
\captionmargin=\dimen180
\caption@leftmargin=\dimen181
\caption@rightmargin=\dimen182
\caption@width=\dimen183
\caption@indent=\dimen184
\caption@parindent=\dimen185
\caption@hangindent=\dimen186
Package caption Info: AMS or SMF document class detected.

(/opt/homebrew/Cellar/texlive/20220321_3/share/texmf-dist/tex/latex/caption/cap
tion-ams-smf.sto
File: caption-ams-smf.sto 2020/08/22 v2.0 Adaption of the caption package to th
e AMS and SMF document classes (AR)
))
\c@caption@flags=\count301
\c@continuedfloat=\count302
Package caption Info: hyperref package is loaded.
)
(/opt/homebrew/Cellar/texlive/20220321_3/share/texmf-dist/tex/latex/float/float
.sty
Package: float 2001/11/08 v1.3d Float enhancements (AL)
\c@float@type=\count303
\float@exts=\toks35
\float@box=\box54
\@float@everytoks=\toks36
\@floatcapt=\box55
)
\@float@every@sidebar=\toks37
\c@sidebar=\count304
\fulltextwidth=\dimen187
\@ACM@labelwidth=\dimen188
\listisep=\skip61
\num@authorgroups=\count305
\num@authors=\count306
\@ACM@badge@width=\skip62
\@ACM@title@width=\skip63
\@ACM@badge@skip=\skip64
Class acmart Info: Printing CCS on input line 1699.
Class acmart Info: Printing bibformat on input line 1699.
Class acmart Info: Suppressing folios on input line 1706.
Class acmart Info: Setting authorsperrow to 0 on input line 1709.

(/opt/homebrew/Cellar/texlive/20220321_3/share/texmf-dist/tex/latex/comment/com
ment.sty
\CommentStream=\write3
 Excluding comment 'comment') Excluding comment 'CCSXML'
\c@@concepts=\count307
\mktitle@bx=\box56
\@ACM@acmcpbox=\box57
\@ACM@commabox=\box58
\author@bx=\box59
\author@bx@wd=\dimen189
\author@bx@sep=\skip65

(/opt/homebrew/Cellar/texlive/20220321_3/share/texmf-dist/tex/latex/fancyhdr/fa
ncyhdr.sty
Package: fancyhdr 2021/01/28 v4.0.1 Extensive control of page headers and foote
rs
\f@nch@headwidth=\skip66
\f@nch@O@elh=\skip67
\f@nch@O@erh=\skip68
\f@nch@O@olh=\skip69
\f@nch@O@orh=\skip70
\f@nch@O@elf=\skip71
\f@nch@O@erf=\skip72
\f@nch@O@olf=\skip73
\f@nch@O@orf=\skip74
)
\ACM@linecount@bx=\box60
\ACM@linecount@bxht=\skip75
\ACM@linecount=\count308
\@folio@wd=\dimen190
\@folio@ht=\dimen191
\@folio@voffset=\dimen192
 Special comment 'acks'
LaTeX Font Info:    Trying to load font information for T1+LinuxLibertineT-TLF 
on input line 3530.

(/opt/homebrew/Cellar/texlive/20220321_3/share/texmf-dist/tex/latex/libertine/T
1LinuxLibertineT-TLF.fd
File: T1LinuxLibertineT-TLF.fd 2017/03/20 (autoinst) Font definitions for T1/Li
nuxLibertineT-TLF.
)
LaTeX Font Info:    Font shape `T1/LinuxLibertineT-TLF/m/n' will be
(Font)              scaled to size 9.0pt on input line 3530.
) (./macros.tex
(/opt/homebrew/Cellar/texlive/20220321_3/share/texmf-dist/tex/latex/amsfonts/am
ssymb.sty
Package: amssymb 2013/01/14 v3.01 AMS font symbols
LaTeX Font Info:    Redeclaring math symbol \boxdot on input line 44.
LaTeX Font Info:    Redeclaring math symbol \boxplus on input line 45.
LaTeX Font Info:    Redeclaring math symbol \boxtimes on input line 46.
LaTeX Font Info:    Redeclaring math symbol \blacksquare on input line 48.
LaTeX Font Info:    Redeclaring math symbol \centerdot on input line 49.
LaTeX Font Info:    Redeclaring math symbol \blacklozenge on input line 51.
LaTeX Font Info:    Redeclaring math symbol \circlearrowright on input line 52.

LaTeX Font Info:    Redeclaring math symbol \circlearrowleft on input line 53.
LaTeX Font Info:    Redeclaring math symbol \leftrightharpoons on input line 56
.
LaTeX Font Info:    Redeclaring math symbol \boxminus on input line 57.
LaTeX Font Info:    Redeclaring math symbol \Vdash on input line 58.
LaTeX Font Info:    Redeclaring math symbol \Vvdash on input line 59.
LaTeX Font Info:    Redeclaring math symbol \vDash on input line 60.
LaTeX Font Info:    Redeclaring math symbol \twoheadrightarrow on input line 61
.
LaTeX Font Info:    Redeclaring math symbol \twoheadleftarrow on input line 62.

LaTeX Font Info:    Redeclaring math symbol \leftleftarrows on input line 63.
LaTeX Font Info:    Redeclaring math symbol \rightrightarrows on input line 64.

LaTeX Font Info:    Redeclaring math symbol \upuparrows on input line 65.
LaTeX Font Info:    Redeclaring math symbol \downdownarrows on input line 66.
LaTeX Font Info:    Redeclaring math symbol \upharpoonright on input line 67.
LaTeX Font Info:    Redeclaring math symbol \downharpoonright on input line 69.

LaTeX Font Info:    Redeclaring math symbol \upharpoonleft on input line 70.
LaTeX Font Info:    Redeclaring math symbol \downharpoonleft on input line 71.
LaTeX Font Info:    Redeclaring math symbol \rightarrowtail on input line 72.
LaTeX Font Info:    Redeclaring math symbol \leftarrowtail on input line 73.
LaTeX Font Info:    Redeclaring math symbol \leftrightarrows on input line 74.
LaTeX Font Info:    Redeclaring math symbol \rightleftarrows on input line 75.
LaTeX Font Info:    Redeclaring math symbol \Lsh on input line 76.
LaTeX Font Info:    Redeclaring math symbol \Rsh on input line 77.
LaTeX Font Info:    Redeclaring math symbol \leftrightsquigarrow on input line 
79.
LaTeX Font Info:    Redeclaring math symbol \looparrowleft on input line 80.
LaTeX Font Info:    Redeclaring math symbol \looparrowright on input line 81.
LaTeX Font Info:    Redeclaring math symbol \circeq on input line 82.
LaTeX Font Info:    Redeclaring math symbol \succsim on input line 83.
LaTeX Font Info:    Redeclaring math symbol \gtrsim on input line 84.
LaTeX Font Info:    Redeclaring math symbol \gtrapprox on input line 85.
LaTeX Font Info:    Redeclaring math symbol \multimap on input line 86.
LaTeX Font Info:    Redeclaring math symbol \therefore on input line 87.
LaTeX Font Info:    Redeclaring math symbol \because on input line 88.
LaTeX Font Info:    Redeclaring math symbol \doteqdot on input line 89.
LaTeX Font Info:    Redeclaring math symbol \triangleq on input line 91.
LaTeX Font Info:    Redeclaring math symbol \precsim on input line 92.
LaTeX Font Info:    Redeclaring math symbol \lesssim on input line 93.
LaTeX Font Info:    Redeclaring math symbol \lessapprox on input line 94.
LaTeX Font Info:    Redeclaring math symbol \eqslantless on input line 95.
LaTeX Font Info:    Redeclaring math symbol \eqslantgtr on input line 96.
LaTeX Font Info:    Redeclaring math symbol \curlyeqprec on input line 97.
LaTeX Font Info:    Redeclaring math symbol \curlyeqsucc on input line 98.
LaTeX Font Info:    Redeclaring math symbol \preccurlyeq on input line 99.
LaTeX Font Info:    Redeclaring math symbol \leqq on input line 100.
LaTeX Font Info:    Redeclaring math symbol \leqslant on input line 101.
LaTeX Font Info:    Redeclaring math symbol \lessgtr on input line 102.
LaTeX Font Info:    Redeclaring math symbol \backprime on input line 103.
LaTeX Font Info:    Redeclaring math symbol \risingdotseq on input line 104.
LaTeX Font Info:    Redeclaring math symbol \fallingdotseq on input line 105.
LaTeX Font Info:    Redeclaring math symbol \succcurlyeq on input line 106.
LaTeX Font Info:    Redeclaring math symbol \geqq on input line 107.
LaTeX Font Info:    Redeclaring math symbol \geqslant on input line 108.
LaTeX Font Info:    Redeclaring math symbol \gtrless on input line 109.
LaTeX Font Info:    Redeclaring math symbol \bigstar on input line 117.
LaTeX Font Info:    Redeclaring math symbol \between on input line 118.
LaTeX Font Info:    Redeclaring math symbol \blacktriangledown on input line 11
9.
LaTeX Font Info:    Redeclaring math symbol \blacktriangleright on input line 1
20.
LaTeX Font Info:    Redeclaring math symbol \blacktriangleleft on input line 12
1.
LaTeX Font Info:    Redeclaring math symbol \vartriangle on input line 122.
LaTeX Font Info:    Redeclaring math symbol \blacktriangle on input line 123.
LaTeX Font Info:    Redeclaring math symbol \triangledown on input line 124.
LaTeX Font Info:    Redeclaring math symbol \eqcirc on input line 125.
LaTeX Font Info:    Redeclaring math symbol \lesseqgtr on input line 126.
LaTeX Font Info:    Redeclaring math symbol \gtreqless on input line 127.
LaTeX Font Info:    Redeclaring math symbol \lesseqqgtr on input line 128.
LaTeX Font Info:    Redeclaring math symbol \gtreqqless on input line 129.
LaTeX Font Info:    Redeclaring math symbol \Rrightarrow on input line 130.
LaTeX Font Info:    Redeclaring math symbol \Lleftarrow on input line 131.
LaTeX Font Info:    Redeclaring math symbol \veebar on input line 132.
LaTeX Font Info:    Redeclaring math symbol \barwedge on input line 133.
LaTeX Font Info:    Redeclaring math symbol \doublebarwedge on input line 134.
LaTeX Font Info:    Redeclaring math symbol \measuredangle on input line 137.
LaTeX Font Info:    Redeclaring math symbol \sphericalangle on input line 138.
LaTeX Font Info:    Redeclaring math symbol \varpropto on input line 139.
LaTeX Font Info:    Redeclaring math symbol \smallsmile on input line 140.
LaTeX Font Info:    Redeclaring math symbol \smallfrown on input line 141.
LaTeX Font Info:    Redeclaring math symbol \Subset on input line 142.
LaTeX Font Info:    Redeclaring math symbol \Supset on input line 143.
LaTeX Font Info:    Redeclaring math symbol \Cup on input line 144.
LaTeX Font Info:    Redeclaring math symbol \Cap on input line 146.
LaTeX Font Info:    Redeclaring math symbol \curlywedge on input line 148.
LaTeX Font Info:    Redeclaring math symbol \curlyvee on input line 149.
LaTeX Font Info:    Redeclaring math symbol \leftthreetimes on input line 150.
LaTeX Font Info:    Redeclaring math symbol \rightthreetimes on input line 151.

LaTeX Font Info:    Redeclaring math symbol \subseteqq on input line 152.
LaTeX Font Info:    Redeclaring math symbol \supseteqq on input line 153.
LaTeX Font Info:    Redeclaring math symbol \bumpeq on input line 154.
LaTeX Font Info:    Redeclaring math symbol \Bumpeq on input line 155.
LaTeX Font Info:    Redeclaring math symbol \lll on input line 156.
LaTeX Font Info:    Redeclaring math symbol \ggg on input line 158.
LaTeX Font Info:    Redeclaring math symbol \circledS on input line 160.
LaTeX Font Info:    Redeclaring math symbol \pitchfork on input line 161.
LaTeX Font Info:    Redeclaring math symbol \dotplus on input line 162.
LaTeX Font Info:    Redeclaring math symbol \backsim on input line 163.
LaTeX Font Info:    Redeclaring math symbol \backsimeq on input line 164.
LaTeX Font Info:    Redeclaring math symbol \complement on input line 165.
LaTeX Font Info:    Redeclaring math symbol \intercal on input line 166.
LaTeX Font Info:    Redeclaring math symbol \circledcirc on input line 167.
LaTeX Font Info:    Redeclaring math symbol \circledast on input line 168.
LaTeX Font Info:    Redeclaring math symbol \circleddash on input line 169.
LaTeX Font Info:    Redeclaring math symbol \lvertneqq on input line 171.
LaTeX Font Info:    Redeclaring math symbol \gvertneqq on input line 172.
LaTeX Font Info:    Redeclaring math symbol \nleq on input line 173.
LaTeX Font Info:    Redeclaring math symbol \ngeq on input line 174.
LaTeX Font Info:    Redeclaring math symbol \nless on input line 175.
LaTeX Font Info:    Redeclaring math symbol \ngtr on input line 176.
LaTeX Font Info:    Redeclaring math symbol \nprec on input line 177.
LaTeX Font Info:    Redeclaring math symbol \nsucc on input line 178.
LaTeX Font Info:    Redeclaring math symbol \lneqq on input line 179.
LaTeX Font Info:    Redeclaring math symbol \gneqq on input line 180.
LaTeX Font Info:    Redeclaring math symbol \nleqslant on input line 181.
LaTeX Font Info:    Redeclaring math symbol \ngeqslant on input line 182.
LaTeX Font Info:    Redeclaring math symbol \lneq on input line 183.
LaTeX Font Info:    Redeclaring math symbol \gneq on input line 184.
LaTeX Font Info:    Redeclaring math symbol \npreceq on input line 185.
LaTeX Font Info:    Redeclaring math symbol \nsucceq on input line 186.
LaTeX Font Info:    Redeclaring math symbol \precnsim on input line 187.
LaTeX Font Info:    Redeclaring math symbol \succnsim on input line 188.
LaTeX Font Info:    Redeclaring math symbol \lnsim on input line 189.
LaTeX Font Info:    Redeclaring math symbol \gnsim on input line 190.
LaTeX Font Info:    Redeclaring math symbol \nleqq on input line 191.
LaTeX Font Info:    Redeclaring math symbol \ngeqq on input line 192.
LaTeX Font Info:    Redeclaring math symbol \precneqq on input line 193.
LaTeX Font Info:    Redeclaring math symbol \succneqq on input line 194.
LaTeX Font Info:    Redeclaring math symbol \precnapprox on input line 195.
LaTeX Font Info:    Redeclaring math symbol \succnapprox on input line 196.
LaTeX Font Info:    Redeclaring math symbol \lnapprox on input line 197.
LaTeX Font Info:    Redeclaring math symbol \gnapprox on input line 198.
LaTeX Font Info:    Redeclaring math symbol \nsim on input line 199.
LaTeX Font Info:    Redeclaring math symbol \ncong on input line 200.
LaTeX Font Info:    Redeclaring math symbol \diagup on input line 201.
LaTeX Font Info:    Redeclaring math symbol \diagdown on input line 202.
LaTeX Font Info:    Redeclaring math symbol \varsubsetneq on input line 203.
LaTeX Font Info:    Redeclaring math symbol \varsupsetneq on input line 204.
LaTeX Font Info:    Redeclaring math symbol \nsubseteqq on input line 205.
LaTeX Font Info:    Redeclaring math symbol \nsupseteqq on input line 206.
LaTeX Font Info:    Redeclaring math symbol \subsetneqq on input line 207.
LaTeX Font Info:    Redeclaring math symbol \supsetneqq on input line 208.
LaTeX Font Info:    Redeclaring math symbol \varsubsetneqq on input line 209.
LaTeX Font Info:    Redeclaring math symbol \varsupsetneqq on input line 210.
LaTeX Font Info:    Redeclaring math symbol \subsetneq on input line 211.
LaTeX Font Info:    Redeclaring math symbol \supsetneq on input line 212.
LaTeX Font Info:    Redeclaring math symbol \nsubseteq on input line 213.
LaTeX Font Info:    Redeclaring math symbol \nsupseteq on input line 214.
LaTeX Font Info:    Redeclaring math symbol \nparallel on input line 215.
LaTeX Font Info:    Redeclaring math symbol \nmid on input line 216.
LaTeX Font Info:    Redeclaring math symbol \nshortmid on input line 217.
LaTeX Font Info:    Redeclaring math symbol \nshortparallel on input line 218.
LaTeX Font Info:    Redeclaring math symbol \nvdash on input line 219.
LaTeX Font Info:    Redeclaring math symbol \nVdash on input line 220.
LaTeX Font Info:    Redeclaring math symbol \nvDash on input line 221.
LaTeX Font Info:    Redeclaring math symbol \nVDash on input line 222.
LaTeX Font Info:    Redeclaring math symbol \ntrianglerighteq on input line 223
.
LaTeX Font Info:    Redeclaring math symbol \ntrianglelefteq on input line 224.

LaTeX Font Info:    Redeclaring math symbol \ntriangleleft on input line 225.
LaTeX Font Info:    Redeclaring math symbol \ntriangleright on input line 226.
LaTeX Font Info:    Redeclaring math symbol \nleftarrow on input line 227.
LaTeX Font Info:    Redeclaring math symbol \nrightarrow on input line 228.
LaTeX Font Info:    Redeclaring math symbol \nLeftarrow on input line 229.
LaTeX Font Info:    Redeclaring math symbol \nRightarrow on input line 230.
LaTeX Font Info:    Redeclaring math symbol \nLeftrightarrow on input line 231.

LaTeX Font Info:    Redeclaring math symbol \nleftrightarrow on input line 232.

LaTeX Font Info:    Redeclaring math symbol \divideontimes on input line 233.
LaTeX Font Info:    Redeclaring math symbol \varnothing on input line 234.
LaTeX Font Info:    Redeclaring math symbol \nexists on input line 235.
LaTeX Font Info:    Redeclaring math symbol \Finv on input line 236.
LaTeX Font Info:    Redeclaring math symbol \Game on input line 237.
LaTeX Font Info:    Redeclaring math symbol \eth on input line 240.
LaTeX Font Info:    Redeclaring math symbol \eqsim on input line 241.
LaTeX Font Info:    Redeclaring math symbol \beth on input line 242.
LaTeX Font Info:    Redeclaring math symbol \gimel on input line 243.
LaTeX Font Info:    Redeclaring math symbol \daleth on input line 244.
LaTeX Font Info:    Redeclaring math symbol \lessdot on input line 245.
LaTeX Font Info:    Redeclaring math symbol \gtrdot on input line 246.
LaTeX Font Info:    Redeclaring math symbol \ltimes on input line 247.
LaTeX Font Info:    Redeclaring math symbol \rtimes on input line 248.
LaTeX Font Info:    Redeclaring math symbol \shortmid on input line 249.
LaTeX Font Info:    Redeclaring math symbol \shortparallel on input line 250.
LaTeX Font Info:    Redeclaring math symbol \smallsetminus on input line 251.
LaTeX Font Info:    Redeclaring math symbol \thicksim on input line 252.
LaTeX Font Info:    Redeclaring math symbol \thickapprox on input line 253.
LaTeX Font Info:    Redeclaring math symbol \approxeq on input line 254.
LaTeX Font Info:    Redeclaring math symbol \succapprox on input line 255.
LaTeX Font Info:    Redeclaring math symbol \precapprox on input line 256.
LaTeX Font Info:    Redeclaring math symbol \curvearrowleft on input line 257.
LaTeX Font Info:    Redeclaring math symbol \curvearrowright on input line 258.

LaTeX Font Info:    Redeclaring math symbol \digamma on input line 259.
LaTeX Font Info:    Redeclaring math symbol \varkappa on input line 260.
LaTeX Font Info:    Redeclaring math symbol \hslash on input line 262.
LaTeX Font Info:    Redeclaring math symbol \backepsilon on input line 265.
)
(/opt/homebrew/Cellar/texlive/20220321_3/share/texmf-dist/tex/latex/algorithms/
algorithmic.sty
Package: algorithmic 2009/08/24 v0.1 Document Style `algorithmic'
\c@ALC@unique=\count309
\c@ALC@line=\count310
\c@ALC@rem=\count311
\c@ALC@depth=\count312
\ALC@tlm=\skip76
\algorithmicindent=\skip77
)
(/opt/homebrew/Cellar/texlive/20220321_3/share/texmf-dist/tex/latex/tools/xspac
e.sty
Package: xspace 2014/10/28 v1.13 Space after command names (DPC,MH)
)
(/opt/homebrew/Cellar/texlive/20220321_3/share/texmf-dist/tex/generic/ulem/ulem
.sty
\UL@box=\box61
\UL@hyphenbox=\box62
\UL@skip=\skip78
\UL@hook=\toks38
\UL@height=\dimen193
\UL@pe=\count313
\UL@pixel=\dimen194
\ULC@box=\box63
Package: ulem 2019/11/18
\ULdepth=\dimen195
)
(/opt/homebrew/Cellar/texlive/20220321_3/share/texmf-dist/tex/latex/breakcites/
breakcites.sty)
(/opt/homebrew/Cellar/texlive/20220321_3/share/texmf-dist/tex/latex/enumitem/en
umitem.sty
Package: enumitem 2019/06/20 v3.9 Customized lists
\enitkv@toks@=\toks39
\labelindent=\skip79
\enit@outerparindent=\dimen196
\enit@toks=\toks40
\enit@inbox=\box64
\enit@count@id=\count314
\enitdp@description=\count315
)
(/opt/homebrew/Cellar/texlive/20220321_3/share/texmf-dist/tex/latex/adjustbox/a
djustbox.sty
Package: adjustbox 2020/08/19 v1.3 Adjusting TeX boxes (trim, clip, ...)

(/opt/homebrew/Cellar/texlive/20220321_3/share/texmf-dist/tex/latex/adjustbox/a
djcalc.sty
Package: adjcalc 2012/05/16 v1.1 Provides advanced setlength with multiple back
-ends (calc, etex, pgfmath)
)
(/opt/homebrew/Cellar/texlive/20220321_3/share/texmf-dist/tex/latex/adjustbox/t
rimclip.sty
Package: trimclip 2020/08/19 v1.2 Trim and clip general TeX material

(/opt/homebrew/Cellar/texlive/20220321_3/share/texmf-dist/tex/latex/collectbox/
collectbox.sty
Package: collectbox 2012/05/17 v0.4b Collect macro arguments as boxes
\collectedbox=\box65
)
\tc@llx=\dimen197
\tc@lly=\dimen198
\tc@urx=\dimen199
\tc@ury=\dimen256
Package trimclip Info: Using driver 'tc-pdftex.def'.

(/opt/homebrew/Cellar/texlive/20220321_3/share/texmf-dist/tex/latex/adjustbox/t
c-pdftex.def
File: tc-pdftex.def 2019/01/04 v2.2 Clipping driver for pdftex
))
\adjbox@Width=\dimen257
\adjbox@Height=\dimen258
\adjbox@Depth=\dimen259
\adjbox@Totalheight=\dimen260
\adjbox@pwidth=\dimen261
\adjbox@pheight=\dimen262
\adjbox@pdepth=\dimen263
\adjbox@ptotalheight=\dimen264

(/opt/homebrew/Cellar/texlive/20220321_3/share/texmf-dist/tex/latex/ifoddpage/i
foddpage.sty
Package: ifoddpage 2016/04/23 v1.1 Conditionals for odd/even page detection
\c@checkoddpage=\count316
)
(/opt/homebrew/Cellar/texlive/20220321_3/share/texmf-dist/tex/latex/varwidth/va
rwidth.sty
Package: varwidth 2009/03/30 ver 0.92;  Variable-width minipages
\@vwid@box=\box66
\sift@deathcycles=\count317
\@vwid@loff=\dimen265
\@vwid@roff=\dimen266
))
(/opt/homebrew/Cellar/texlive/20220321_3/share/texmf-dist/tex/latex/breakurl/br
eakurl.sty
Package: breakurl 2013/04/10 v1.40 Breakable hyperref URLs

(/opt/homebrew/Cellar/texlive/20220321_3/share/texmf-dist/tex/generic/iftex/ifp
df.sty
Package: ifpdf 2019/10/25 v3.4 ifpdf legacy package. Use iftex instead.
)

Package breakurl Warning: You are using breakurl while processing via pdflatex.

(breakurl)                \burl will be just a synonym of \url.
(breakurl)                 on input line 48.

)
(/opt/homebrew/Cellar/texlive/20220321_3/share/texmf-dist/tex/latex/multirow/mu
ltirow.sty
Package: multirow 2021/03/15 v2.8 Span multiple rows of a table
\multirow@colwidth=\skip80
\multirow@cntb=\count318
\multirow@dima=\skip81
\bigstrutjot=\dimen267
)
(/opt/homebrew/Cellar/texlive/20220321_3/share/texmf-dist/tex/latex/makecell/ma
kecell.sty
Package: makecell 2009/08/03 V0.1e Managing of Tab Column Heads and Cells

(/opt/homebrew/Cellar/texlive/20220321_3/share/texmf-dist/tex/latex/tools/array
.sty
Package: array 2021/10/04 v2.5f Tabular extension package (FMi)
\col@sep=\dimen268
\ar@mcellbox=\box67
\extrarowheight=\dimen269
\NC@list=\toks41
\extratabsurround=\skip82
\backup@length=\skip83
\ar@cellbox=\box68
)
\rotheadsize=\dimen270
\c@nlinenum=\count319
\TeXr@lab=\toks42
)
(/opt/homebrew/Cellar/texlive/20220321_3/share/texmf-dist/tex/latex/ragged2e/ra
gged2e.sty
Package: ragged2e 2021/12/15 v3.1 ragged2e Package
\CenteringLeftskip=\skip84
\RaggedLeftLeftskip=\skip85
\RaggedRightLeftskip=\skip86
\CenteringRightskip=\skip87
\RaggedLeftRightskip=\skip88
\RaggedRightRightskip=\skip89
\CenteringParfillskip=\skip90
\RaggedLeftParfillskip=\skip91
\RaggedRightParfillskip=\skip92
\JustifyingParfillskip=\skip93
\CenteringParindent=\skip94
\RaggedLeftParindent=\skip95
\RaggedRightParindent=\skip96
\JustifyingParindent=\skip97
)
(/opt/homebrew/Cellar/texlive/20220321_3/share/texmf-dist/tex/latex/subfig/subf
ig.sty
Package: subfig 2005/06/28 ver: 1.3 subfig package
\c@KVtest=\count320
\sf@farskip=\skip98
\sf@captopadj=\dimen271
\sf@capskip=\skip99
\sf@nearskip=\skip100
\c@subfigure=\count321
\c@subfigure@save=\count322
\c@lofdepth=\count323
\c@subtable=\count324
\c@subtable@save=\count325
\c@lotdepth=\count326
\sf@top=\skip101
\sf@bottom=\skip102
)
(/opt/homebrew/Cellar/texlive/20220321_3/share/texmf-dist/tex/latex/algorithms/
algorithm.sty
Package: algorithm 2009/08/24 v0.1 Document Style `algorithm' - floating enviro
nment
\@float@every@algorithm=\toks43
\c@algorithm=\count327
)
(/opt/homebrew/Cellar/texlive/20220321_3/share/texmf-dist/tex/latex/listings/li
stings.sty
\lst@mode=\count328
\lst@gtempboxa=\box69
\lst@token=\toks44
\lst@length=\count329
\lst@currlwidth=\dimen272
\lst@column=\count330
\lst@pos=\count331
\lst@lostspace=\dimen273
\lst@width=\dimen274
\lst@newlines=\count332
\lst@lineno=\count333
\lst@maxwidth=\dimen275

(/opt/homebrew/Cellar/texlive/20220321_3/share/texmf-dist/tex/latex/listings/ls
tmisc.sty
File: lstmisc.sty 2020/03/24 1.8d (Carsten Heinz)
\c@lstnumber=\count334
\lst@skipnumbers=\count335
\lst@framebox=\box70
)
(/opt/homebrew/Cellar/texlive/20220321_3/share/texmf-dist/tex/latex/listings/li
stings.cfg
File: listings.cfg 2020/03/24 1.8d listings configuration
))
Package: listings 2020/03/24 1.8d (Carsten Heinz)

(/opt/homebrew/Cellar/texlive/20220321_3/share/texmf-dist/tex/latex/pgf/fronten
dlayer/tikz.sty
(/opt/homebrew/Cellar/texlive/20220321_3/share/texmf-dist/tex/latex/pgf/basicla
yer/pgf.sty
(/opt/homebrew/Cellar/texlive/20220321_3/share/texmf-dist/tex/latex/pgf/utiliti
es/pgfrcs.sty
(/opt/homebrew/Cellar/texlive/20220321_3/share/texmf-dist/tex/generic/pgf/utili
ties/pgfutil-common.tex
\pgfutil@everybye=\toks45
\pgfutil@tempdima=\dimen276
\pgfutil@tempdimb=\dimen277

(/opt/homebrew/Cellar/texlive/20220321_3/share/texmf-dist/tex/generic/pgf/utili
ties/pgfutil-common-lists.tex))
(/opt/homebrew/Cellar/texlive/20220321_3/share/texmf-dist/tex/generic/pgf/utili
ties/pgfutil-latex.def
\pgfutil@abb=\box71
)
(/opt/homebrew/Cellar/texlive/20220321_3/share/texmf-dist/tex/generic/pgf/utili
ties/pgfrcs.code.tex
(/opt/homebrew/Cellar/texlive/20220321_3/share/texmf-dist/tex/generic/pgf/pgf.r
evision.tex)
Package: pgfrcs 2021/05/15 v3.1.9a (3.1.9a)
))
Package: pgf 2021/05/15 v3.1.9a (3.1.9a)

(/opt/homebrew/Cellar/texlive/20220321_3/share/texmf-dist/tex/latex/pgf/basicla
yer/pgfcore.sty
(/opt/homebrew/Cellar/texlive/20220321_3/share/texmf-dist/tex/latex/pgf/systeml
ayer/pgfsys.sty
(/opt/homebrew/Cellar/texlive/20220321_3/share/texmf-dist/tex/generic/pgf/syste
mlayer/pgfsys.code.tex
Package: pgfsys 2021/05/15 v3.1.9a (3.1.9a)

(/opt/homebrew/Cellar/texlive/20220321_3/share/texmf-dist/tex/generic/pgf/utili
ties/pgfkeys.code.tex
\pgfkeys@pathtoks=\toks46
\pgfkeys@temptoks=\toks47

(/opt/homebrew/Cellar/texlive/20220321_3/share/texmf-dist/tex/generic/pgf/utili
ties/pgfkeysfiltered.code.tex
\pgfkeys@tmptoks=\toks48
))
\pgf@x=\dimen278
\pgf@y=\dimen279
\pgf@xa=\dimen280
\pgf@ya=\dimen281
\pgf@xb=\dimen282
\pgf@yb=\dimen283
\pgf@xc=\dimen284
\pgf@yc=\dimen285
\pgf@xd=\dimen286
\pgf@yd=\dimen287
\w@pgf@writea=\write4
\r@pgf@reada=\read3
\c@pgf@counta=\count336
\c@pgf@countb=\count337
\c@pgf@countc=\count338
\c@pgf@countd=\count339
\t@pgf@toka=\toks49
\t@pgf@tokb=\toks50
\t@pgf@tokc=\toks51
\pgf@sys@id@count=\count340

(/opt/homebrew/Cellar/texlive/20220321_3/share/texmf-dist/tex/generic/pgf/syste
mlayer/pgf.cfg
File: pgf.cfg 2021/05/15 v3.1.9a (3.1.9a)
)
Driver file for pgf: pgfsys-pdftex.def

(/opt/homebrew/Cellar/texlive/20220321_3/share/texmf-dist/tex/generic/pgf/syste
mlayer/pgfsys-pdftex.def
File: pgfsys-pdftex.def 2021/05/15 v3.1.9a (3.1.9a)

(/opt/homebrew/Cellar/texlive/20220321_3/share/texmf-dist/tex/generic/pgf/syste
mlayer/pgfsys-common-pdf.def
File: pgfsys-common-pdf.def 2021/05/15 v3.1.9a (3.1.9a)
)))
(/opt/homebrew/Cellar/texlive/20220321_3/share/texmf-dist/tex/generic/pgf/syste
mlayer/pgfsyssoftpath.code.tex
File: pgfsyssoftpath.code.tex 2021/05/15 v3.1.9a (3.1.9a)
\pgfsyssoftpath@smallbuffer@items=\count341
\pgfsyssoftpath@bigbuffer@items=\count342
)
(/opt/homebrew/Cellar/texlive/20220321_3/share/texmf-dist/tex/generic/pgf/syste
mlayer/pgfsysprotocol.code.tex
File: pgfsysprotocol.code.tex 2021/05/15 v3.1.9a (3.1.9a)
))
(/opt/homebrew/Cellar/texlive/20220321_3/share/texmf-dist/tex/generic/pgf/basic
layer/pgfcore.code.tex
Package: pgfcore 2021/05/15 v3.1.9a (3.1.9a)

(/opt/homebrew/Cellar/texlive/20220321_3/share/texmf-dist/tex/generic/pgf/math/
pgfmath.code.tex
(/opt/homebrew/Cellar/texlive/20220321_3/share/texmf-dist/tex/generic/pgf/math/
pgfmathcalc.code.tex
(/opt/homebrew/Cellar/texlive/20220321_3/share/texmf-dist/tex/generic/pgf/math/
pgfmathutil.code.tex)
(/opt/homebrew/Cellar/texlive/20220321_3/share/texmf-dist/tex/generic/pgf/math/
pgfmathparser.code.tex
\pgfmath@dimen=\dimen288
\pgfmath@count=\count343
\pgfmath@box=\box72
\pgfmath@toks=\toks52
\pgfmath@stack@operand=\toks53
\pgfmath@stack@operation=\toks54
)
(/opt/homebrew/Cellar/texlive/20220321_3/share/texmf-dist/tex/generic/pgf/math/
pgfmathfunctions.code.tex
(/opt/homebrew/Cellar/texlive/20220321_3/share/texmf-dist/tex/generic/pgf/math/
pgfmathfunctions.basic.code.tex)
(/opt/homebrew/Cellar/texlive/20220321_3/share/texmf-dist/tex/generic/pgf/math/
pgfmathfunctions.trigonometric.code.tex)
(/opt/homebrew/Cellar/texlive/20220321_3/share/texmf-dist/tex/generic/pgf/math/
pgfmathfunctions.random.code.tex)
(/opt/homebrew/Cellar/texlive/20220321_3/share/texmf-dist/tex/generic/pgf/math/
pgfmathfunctions.comparison.code.tex)
(/opt/homebrew/Cellar/texlive/20220321_3/share/texmf-dist/tex/generic/pgf/math/
pgfmathfunctions.base.code.tex)
(/opt/homebrew/Cellar/texlive/20220321_3/share/texmf-dist/tex/generic/pgf/math/
pgfmathfunctions.round.code.tex)
(/opt/homebrew/Cellar/texlive/20220321_3/share/texmf-dist/tex/generic/pgf/math/
pgfmathfunctions.misc.code.tex)
(/opt/homebrew/Cellar/texlive/20220321_3/share/texmf-dist/tex/generic/pgf/math/
pgfmathfunctions.integerarithmetics.code.tex)))
(/opt/homebrew/Cellar/texlive/20220321_3/share/texmf-dist/tex/generic/pgf/math/
pgfmathfloat.code.tex
\c@pgfmathroundto@lastzeros=\count344
))
(/opt/homebrew/Cellar/texlive/20220321_3/share/texmf-dist/tex/generic/pgf/math/
pgfint.code.tex)
(/opt/homebrew/Cellar/texlive/20220321_3/share/texmf-dist/tex/generic/pgf/basic
layer/pgfcorepoints.code.tex
File: pgfcorepoints.code.tex 2021/05/15 v3.1.9a (3.1.9a)
\pgf@picminx=\dimen289
\pgf@picmaxx=\dimen290
\pgf@picminy=\dimen291
\pgf@picmaxy=\dimen292
\pgf@pathminx=\dimen293
\pgf@pathmaxx=\dimen294
\pgf@pathminy=\dimen295
\pgf@pathmaxy=\dimen296
\pgf@xx=\dimen297
\pgf@xy=\dimen298
\pgf@yx=\dimen299
\pgf@yy=\dimen300
\pgf@zx=\dimen301
\pgf@zy=\dimen302
)
(/opt/homebrew/Cellar/texlive/20220321_3/share/texmf-dist/tex/generic/pgf/basic
layer/pgfcorepathconstruct.code.tex
File: pgfcorepathconstruct.code.tex 2021/05/15 v3.1.9a (3.1.9a)
\pgf@path@lastx=\dimen303
\pgf@path@lasty=\dimen304
)
(/opt/homebrew/Cellar/texlive/20220321_3/share/texmf-dist/tex/generic/pgf/basic
layer/pgfcorepathusage.code.tex
File: pgfcorepathusage.code.tex 2021/05/15 v3.1.9a (3.1.9a)
\pgf@shorten@end@additional=\dimen305
\pgf@shorten@start@additional=\dimen306
)
(/opt/homebrew/Cellar/texlive/20220321_3/share/texmf-dist/tex/generic/pgf/basic
layer/pgfcorescopes.code.tex
File: pgfcorescopes.code.tex 2021/05/15 v3.1.9a (3.1.9a)
\pgfpic=\box73
\pgf@hbox=\box74
\pgf@layerbox@main=\box75
\pgf@picture@serial@count=\count345
)
(/opt/homebrew/Cellar/texlive/20220321_3/share/texmf-dist/tex/generic/pgf/basic
layer/pgfcoregraphicstate.code.tex
File: pgfcoregraphicstate.code.tex 2021/05/15 v3.1.9a (3.1.9a)
\pgflinewidth=\dimen307
)
(/opt/homebrew/Cellar/texlive/20220321_3/share/texmf-dist/tex/generic/pgf/basic
layer/pgfcoretransformations.code.tex
File: pgfcoretransformations.code.tex 2021/05/15 v3.1.9a (3.1.9a)
\pgf@pt@x=\dimen308
\pgf@pt@y=\dimen309
\pgf@pt@temp=\dimen310
)
(/opt/homebrew/Cellar/texlive/20220321_3/share/texmf-dist/tex/generic/pgf/basic
layer/pgfcorequick.code.tex
File: pgfcorequick.code.tex 2021/05/15 v3.1.9a (3.1.9a)
)
(/opt/homebrew/Cellar/texlive/20220321_3/share/texmf-dist/tex/generic/pgf/basic
layer/pgfcoreobjects.code.tex
File: pgfcoreobjects.code.tex 2021/05/15 v3.1.9a (3.1.9a)
)
(/opt/homebrew/Cellar/texlive/20220321_3/share/texmf-dist/tex/generic/pgf/basic
layer/pgfcorepathprocessing.code.tex
File: pgfcorepathprocessing.code.tex 2021/05/15 v3.1.9a (3.1.9a)
)
(/opt/homebrew/Cellar/texlive/20220321_3/share/texmf-dist/tex/generic/pgf/basic
layer/pgfcorearrows.code.tex
File: pgfcorearrows.code.tex 2021/05/15 v3.1.9a (3.1.9a)
\pgfarrowsep=\dimen311
)
(/opt/homebrew/Cellar/texlive/20220321_3/share/texmf-dist/tex/generic/pgf/basic
layer/pgfcoreshade.code.tex
File: pgfcoreshade.code.tex 2021/05/15 v3.1.9a (3.1.9a)
\pgf@max=\dimen312
\pgf@sys@shading@range@num=\count346
\pgf@shadingcount=\count347
)
(/opt/homebrew/Cellar/texlive/20220321_3/share/texmf-dist/tex/generic/pgf/basic
layer/pgfcoreimage.code.tex
File: pgfcoreimage.code.tex 2021/05/15 v3.1.9a (3.1.9a)

(/opt/homebrew/Cellar/texlive/20220321_3/share/texmf-dist/tex/generic/pgf/basic
layer/pgfcoreexternal.code.tex
File: pgfcoreexternal.code.tex 2021/05/15 v3.1.9a (3.1.9a)
\pgfexternal@startupbox=\box76
))
(/opt/homebrew/Cellar/texlive/20220321_3/share/texmf-dist/tex/generic/pgf/basic
layer/pgfcorelayers.code.tex
File: pgfcorelayers.code.tex 2021/05/15 v3.1.9a (3.1.9a)
)
(/opt/homebrew/Cellar/texlive/20220321_3/share/texmf-dist/tex/generic/pgf/basic
layer/pgfcoretransparency.code.tex
File: pgfcoretransparency.code.tex 2021/05/15 v3.1.9a (3.1.9a)
)
(/opt/homebrew/Cellar/texlive/20220321_3/share/texmf-dist/tex/generic/pgf/basic
layer/pgfcorepatterns.code.tex
File: pgfcorepatterns.code.tex 2021/05/15 v3.1.9a (3.1.9a)
)
(/opt/homebrew/Cellar/texlive/20220321_3/share/texmf-dist/tex/generic/pgf/basic
layer/pgfcorerdf.code.tex
File: pgfcorerdf.code.tex 2021/05/15 v3.1.9a (3.1.9a)
)))
(/opt/homebrew/Cellar/texlive/20220321_3/share/texmf-dist/tex/generic/pgf/modul
es/pgfmoduleshapes.code.tex
File: pgfmoduleshapes.code.tex 2021/05/15 v3.1.9a (3.1.9a)
\pgfnodeparttextbox=\box77
)
(/opt/homebrew/Cellar/texlive/20220321_3/share/texmf-dist/tex/generic/pgf/modul
es/pgfmoduleplot.code.tex
File: pgfmoduleplot.code.tex 2021/05/15 v3.1.9a (3.1.9a)
)
(/opt/homebrew/Cellar/texlive/20220321_3/share/texmf-dist/tex/latex/pgf/compati
bility/pgfcomp-version-0-65.sty
Package: pgfcomp-version-0-65 2021/05/15 v3.1.9a (3.1.9a)
\pgf@nodesepstart=\dimen313
\pgf@nodesepend=\dimen314
)
(/opt/homebrew/Cellar/texlive/20220321_3/share/texmf-dist/tex/latex/pgf/compati
bility/pgfcomp-version-1-18.sty
Package: pgfcomp-version-1-18 2021/05/15 v3.1.9a (3.1.9a)
))
(/opt/homebrew/Cellar/texlive/20220321_3/share/texmf-dist/tex/latex/pgf/utiliti
es/pgffor.sty
(/opt/homebrew/Cellar/texlive/20220321_3/share/texmf-dist/tex/latex/pgf/utiliti
es/pgfkeys.sty
(/opt/homebrew/Cellar/texlive/20220321_3/share/texmf-dist/tex/generic/pgf/utili
ties/pgfkeys.code.tex))
(/opt/homebrew/Cellar/texlive/20220321_3/share/texmf-dist/tex/latex/pgf/math/pg
fmath.sty
(/opt/homebrew/Cellar/texlive/20220321_3/share/texmf-dist/tex/generic/pgf/math/
pgfmath.code.tex))
(/opt/homebrew/Cellar/texlive/20220321_3/share/texmf-dist/tex/generic/pgf/utili
ties/pgffor.code.tex
Package: pgffor 2021/05/15 v3.1.9a (3.1.9a)

(/opt/homebrew/Cellar/texlive/20220321_3/share/texmf-dist/tex/generic/pgf/math/
pgfmath.code.tex)
\pgffor@iter=\dimen315
\pgffor@skip=\dimen316
\pgffor@stack=\toks55
\pgffor@toks=\toks56
))
(/opt/homebrew/Cellar/texlive/20220321_3/share/texmf-dist/tex/generic/pgf/front
endlayer/tikz/tikz.code.tex
Package: tikz 2021/05/15 v3.1.9a (3.1.9a)

(/opt/homebrew/Cellar/texlive/20220321_3/share/texmf-dist/tex/generic/pgf/libra
ries/pgflibraryplothandlers.code.tex
File: pgflibraryplothandlers.code.tex 2021/05/15 v3.1.9a (3.1.9a)
\pgf@plot@mark@count=\count348
\pgfplotmarksize=\dimen317
)
\tikz@lastx=\dimen318
\tikz@lasty=\dimen319
\tikz@lastxsaved=\dimen320
\tikz@lastysaved=\dimen321
\tikz@lastmovetox=\dimen322
\tikz@lastmovetoy=\dimen323
\tikzleveldistance=\dimen324
\tikzsiblingdistance=\dimen325
\tikz@figbox=\box78
\tikz@figbox@bg=\box79
\tikz@tempbox=\box80
\tikz@tempbox@bg=\box81
\tikztreelevel=\count349
\tikznumberofchildren=\count350
\tikznumberofcurrentchild=\count351
\tikz@fig@count=\count352

(/opt/homebrew/Cellar/texlive/20220321_3/share/texmf-dist/tex/generic/pgf/modul
es/pgfmodulematrix.code.tex
File: pgfmodulematrix.code.tex 2021/05/15 v3.1.9a (3.1.9a)
\pgfmatrixcurrentrow=\count353
\pgfmatrixcurrentcolumn=\count354
\pgf@matrix@numberofcolumns=\count355
)
\tikz@expandcount=\count356

(/opt/homebrew/Cellar/texlive/20220321_3/share/texmf-dist/tex/generic/pgf/front
endlayer/tikz/libraries/tikzlibrarytopaths.code.tex
File: tikzlibrarytopaths.code.tex 2021/05/15 v3.1.9a (3.1.9a)
)))
(/opt/homebrew/Cellar/texlive/20220321_3/share/texmf-dist/tex/generic/pgf/front
endlayer/tikz/libraries/tikzlibrarycalc.code.tex
File: tikzlibrarycalc.code.tex 2021/05/15 v3.1.9a (3.1.9a)
)
(/opt/homebrew/Cellar/texlive/20220321_3/share/texmf-dist/tex/generic/pgf/front
endlayer/tikz/libraries/tikzlibraryshapes.geometric.code.tex
File: tikzlibraryshapes.geometric.code.tex 2021/05/15 v3.1.9a (3.1.9a)

(/opt/homebrew/Cellar/texlive/20220321_3/share/texmf-dist/tex/generic/pgf/libra
ries/shapes/pgflibraryshapes.geometric.code.tex
File: pgflibraryshapes.geometric.code.tex 2021/05/15 v3.1.9a (3.1.9a)
))
(/opt/homebrew/Cellar/texlive/20220321_3/share/texmf-dist/tex/generic/pgf/front
endlayer/tikz/libraries/tikzlibrarydecorations.pathreplacing.code.tex
(/opt/homebrew/Cellar/texlive/20220321_3/share/texmf-dist/tex/generic/pgf/front
endlayer/tikz/libraries/tikzlibrarydecorations.code.tex
(/opt/homebrew/Cellar/texlive/20220321_3/share/texmf-dist/tex/generic/pgf/modul
es/pgfmoduledecorations.code.tex
\pgfdecoratedcompleteddistance=\dimen326
\pgfdecoratedremainingdistance=\dimen327
\pgfdecoratedinputsegmentcompleteddistance=\dimen328
\pgfdecoratedinputsegmentremainingdistance=\dimen329
\pgf@decorate@distancetomove=\dimen330
\pgf@decorate@repeatstate=\count357
\pgfdecorationsegmentamplitude=\dimen331
\pgfdecorationsegmentlength=\dimen332
)
\tikz@lib@dec@box=\box82
)
(/opt/homebrew/Cellar/texlive/20220321_3/share/texmf-dist/tex/generic/pgf/libra
ries/decorations/pgflibrarydecorations.pathreplacing.code.tex))
(/opt/homebrew/Cellar/texlive/20220321_3/share/texmf-dist/tex/generic/pgf/front
endlayer/tikz/libraries/tikzlibrarypositioning.code.tex
File: tikzlibrarypositioning.code.tex 2021/05/15 v3.1.9a (3.1.9a)
)
(/opt/homebrew/Cellar/texlive/20220321_3/share/texmf-dist/tex/latex/datetime/da
tetime.sty
Package: datetime 2015/03/20 v2.60 Date Time Package

(/opt/homebrew/Cellar/texlive/20220321_3/share/texmf-dist/tex/latex/fmtcount/fm
tcount.sty
Package: fmtcount 2020/01/30 v3.07

(/opt/homebrew/Cellar/texlive/20220321_3/share/texmf-dist/tex/latex/fmtcount/fc
prefix.sty
Package: fcprefix 2012/09/28

(/opt/homebrew/Cellar/texlive/20220321_3/share/texmf-dist/tex/latex/fmtcount/fc
numparser.sty
Package: fcnumparser 2017/06/15
\fc@digit@counter=\count358
))
\c@padzeroesN=\count359
\fc@tmpcatcode=\count360
\@DT@modctr=\count361
\@ordinalctr=\count362
\@orgargctr=\count363
\@strctr=\count364
\@tmpstrctr=\count365
\@DT@loopN=\count366
\@DT@X=\count367
)
(/opt/homebrew/Cellar/texlive/20220321_3/share/texmf-dist/tex/latex/datetime/da
tetime-defaults.sty
Package: datetime-defaults 2013/09/10
)
\@day=\count368
\@month=\count369
\@year=\count370
\c@HOUR=\count371
\c@HOURXII=\count372
\c@MINUTE=\count373
\c@TOHOUR=\count374
\c@TOMINUTE=\count375
\c@SECOND=\count376
\currenthour=\count377
\currentminute=\count378
\currentsecond=\count379
Package datetime Info: No datetime.cfg file found, using default settings on in
put line 308.
\@dtctr=\count380
\dayofyear=\count381
\dayofweek=\count382
LaTeX Info: Redefining \today on input line 736.
\dt@a=\toks57
\dt@b=\toks58
) (./defs-logic.tex) (./defs-code.tex)
(./tables/lc-requirement-numbers.tex) (./tables/lc-hsd-requirement-numbers.tex)
(./tables/manual-study-numbers.tex) (./tables/test-results-numbers.tex)
(./tables/test-results-3-50-numbers.tex)
(./tables/test-results-3-100-numbers.tex)
(./tables/test-results-3-200-numbers.tex)
(./tables/test-results-all-numbers.tex)
(./tables/test-results-hs-all-numbers.tex))
Package hyperref Info: Option `pdfdisplaydoctitle' set `true' on input line 8.
\c@theorem=\count383

(/opt/homebrew/Cellar/texlive/20220321_3/share/texmf-dist/tex/latex/preprint/ba
lance.sty
Package: balance 1999/02/23 4.3 (PWD)
\oldvsize=\dimen333
) Excluding comment 'screenonly' Include comment 'printonly'
Excluding comment 'anonsuppress' Excluding comment 'acks'
(/opt/homebrew/Cellar/texlive/20220321_3/share/texmf-dist/tex/latex/l3backend/l
3backend-pdftex.def
File: l3backend-pdftex.def 2022-02-07 L3 backend support: PDF output (pdfTeX)
\l__color_backend_stack_int=\count384
\l__pdf_internal_box=\box83
) (./main.aux)
\openout1 = `main.aux'.

LaTeX Font Info:    Checking defaults for OML/nxlmi/m/it on input line 8.
LaTeX Font Info:    Trying to load font information for OML+nxlmi on input line
 8.

(/opt/homebrew/Cellar/texlive/20220321_3/share/texmf-dist/tex/latex/newtx/omlnx
lmi.fd
File: omlnxlmi.fd 2013/11/19 Fontinst v1.933 font definitions for OML/nxlmi.
)
LaTeX Font Info:    ... okay on input line 8.
LaTeX Font Info:    Checking defaults for OMS/cmsy/m/n on input line 8.
LaTeX Font Info:    ... okay on input line 8.
LaTeX Font Info:    Checking defaults for OT1/cmr/m/n on input line 8.
LaTeX Font Info:    ... okay on input line 8.
LaTeX Font Info:    Checking defaults for T1/cmr/m/n on input line 8.
LaTeX Font Info:    ... okay on input line 8.
LaTeX Font Info:    Checking defaults for TS1/cmr/m/n on input line 8.
LaTeX Font Info:    ... okay on input line 8.
LaTeX Font Info:    Checking defaults for OMX/cmex/m/n on input line 8.
LaTeX Font Info:    ... okay on input line 8.
LaTeX Font Info:    Checking defaults for U/ntxexa/m/n on input line 8.
LaTeX Font Info:    Trying to load font information for U+ntxexa on input line 
8.

(/opt/homebrew/Cellar/texlive/20220321_3/share/texmf-dist/tex/latex/newtx/untxe
xa.fd
File: untxexa.fd 2012/04/16 Fontinst v1.933 font definitions for U/ntxexa.
)
LaTeX Font Info:    ... okay on input line 8.
LaTeX Font Info:    Checking defaults for PD1/pdf/m/n on input line 8.
LaTeX Font Info:    ... okay on input line 8.
LaTeX Font Info:    Checking defaults for PU/pdf/m/n on input line 8.
LaTeX Font Info:    ... okay on input line 8.
LaTeX Font Info:    Checking defaults for LMS/ntxsy/m/n on input line 8.
LaTeX Font Info:    Trying to load font information for LMS+ntxsy on input line
 8.

(/opt/homebrew/Cellar/texlive/20220321_3/share/texmf-dist/tex/latex/newtx/lmsnt
xsy.fd
File: lmsntxsy.fd 2016/07/02 Fontinst v1.933 font definitions for LMS/ntxsy.
)
LaTeX Font Info:    ... okay on input line 8.
LaTeX Font Info:    Checking defaults for LMX/ntxexx/m/n on input line 8.
LaTeX Font Info:    Trying to load font information for LMX+ntxexx on input lin
e 8.

(/opt/homebrew/Cellar/texlive/20220321_3/share/texmf-dist/tex/latex/newtx/lmxnt
xexx.fd
File: lmxntxexx.fd 2016/07/03 Fontinst v1.933 font definitions for LMX/ntxexx.
)
LaTeX Font Info:    ... okay on input line 8.
LaTeX Font Info:    Font shape `T1/LinuxLibertineT-TLF/m/n' will be
(Font)              scaled to size 7.0pt on input line 8.
LaTeX Font Info:    Trying to load font information for OT1+LinuxLibertineT-TLF
 on input line 8.

(/opt/homebrew/Cellar/texlive/20220321_3/share/texmf-dist/tex/latex/libertine/O
T1LinuxLibertineT-TLF.fd
File: OT1LinuxLibertineT-TLF.fd 2017/03/20 (autoinst) Font definitions for OT1/
LinuxLibertineT-TLF.
)
LaTeX Font Info:    Font shape `OT1/LinuxLibertineT-TLF/m/n' will be
(Font)              scaled to size 7.3pt on input line 8.
<<ot1.cmap>>
LaTeX Font Info:    Font shape `OT1/LinuxLibertineT-TLF/m/n' will be
(Font)              scaled to size 5.5pt on input line 8.
<<oml.cmap>>
LaTeX Font Info:    Trying to load font information for U+msa on input line 8.

(/opt/homebrew/Cellar/texlive/20220321_3/share/texmf-dist/tex/latex/amsfonts/um
sa.fd
File: umsa.fd 2013/01/14 v3.01 AMS symbols A
)
LaTeX Font Info:    Trying to load font information for U+msb on input line 8.

(/opt/homebrew/Cellar/texlive/20220321_3/share/texmf-dist/tex/latex/amsfonts/um
sb.fd
File: umsb.fd 2013/01/14 v3.01 AMS symbols B
)
LaTeX Font Info:    Trying to load font information for U+ntxmia on input line 
8.

(/opt/homebrew/Cellar/texlive/20220321_3/share/texmf-dist/tex/latex/newtx/untxm
ia.fd
File: untxmia.fd 2018/04/14 Fontinst v1.933 font definitions for U/ntxmia.
)
LaTeX Font Info:    Trying to load font information for U+ntxsym on input line 
8.

(/opt/homebrew/Cellar/texlive/20220321_3/share/texmf-dist/tex/latex/newtx/untxs
ym.fd
File: untxsym.fd 2015/03/20 Fontinst v1.933 font definitions for U/ntxsym.
)
LaTeX Font Info:    Trying to load font information for U+ntxsyc on input line 
8.

(/opt/homebrew/Cellar/texlive/20220321_3/share/texmf-dist/tex/latex/newtx/untxs
yc.fd
File: untxsyc.fd 2012/04/12 Fontinst v1.933 font definitions for U/ntxsyc.
)
LaTeX Info: Redefining \microtypecontext on input line 8.
Package microtype Info: Applying patch `item' on input line 8.
Package microtype Info: Applying patch `toc' on input line 8.
Package microtype Info: Applying patch `eqnum' on input line 8.
Package microtype Info: Applying patch `footnote' on input line 8.
Package microtype Info: Generating PDF output.
Package microtype Info: Character protrusion enabled (level 2).
Package microtype Info: Using default protrusion set `alltext'.
Package microtype Info: Automatic font expansion enabled (level 2),
(microtype)             stretch: 20, shrink: 20, step: 1, non-selected.
Package microtype Info: Using default expansion set `alltext-nott'.
LaTeX Info: Redefining \showhyphens on input line 8.
Package microtype Info: No adjustment of tracking.
Package microtype Info: No adjustment of interword spacing.
Package microtype Info: No adjustment of character kerning.
Package microtype Info: Loading generic protrusion settings for font family
(microtype)             `LinuxLibertineT-TLF' (encoding: T1).
(microtype)             For optimal results, create family-specific settings.
(microtype)             See the microtype manual for details.
Package hyperref Info: Link coloring OFF on input line 8.

(/opt/homebrew/Cellar/texlive/20220321_3/share/texmf-dist/tex/latex/hyperref/na
meref.sty
Package: nameref 2021-04-02 v2.47 Cross-referencing by name of section

(/opt/homebrew/Cellar/texlive/20220321_3/share/texmf-dist/tex/generic/gettitles
tring/gettitlestring.sty
Package: gettitlestring 2019/12/15 v1.6 Cleanup title references (HO)
)
\c@section@level=\count385
)
LaTeX Info: Redefining \ref on input line 8.
LaTeX Info: Redefining \pageref on input line 8.
LaTeX Info: Redefining \nameref on input line 8.
 (./main.out) (./main.out)
\@outlinefile=\write5
\openout5 = `main.out'.


(/opt/homebrew/Cellar/texlive/20220321_3/share/texmf-dist/tex/context/base/mkii
/supp-pdf.mkii
[Loading MPS to PDF converter (version 2006.09.02).]
\scratchcounter=\count386
\scratchdimen=\dimen334
\scratchbox=\box84
\nofMPsegments=\count387
\nofMParguments=\count388
\everyMPshowfont=\toks59
\MPscratchCnt=\count389
\MPscratchDim=\dimen335
\MPnumerator=\count390
\makeMPintoPDFobject=\count391
\everyMPtoPDFconversion=\toks60
)
(/opt/homebrew/Cellar/texlive/20220321_3/share/texmf-dist/tex/latex/epstopdf-pk
g/epstopdf-base.sty
Package: epstopdf-base 2020-01-24 v2.11 Base part for package epstopdf
Package epstopdf-base Info: Redefining graphics rule for `.eps' on input line 4
85.

(/opt/homebrew/Cellar/texlive/20220321_3/share/texmf-dist/tex/latex/latexconfig
/epstopdf-sys.cfg
File: epstopdf-sys.cfg 2010/07/13 v1.3 Configuration of (r)epstopdf for TeX Liv
e
))
*geometry* driver: auto-detecting
*geometry* detected driver: pdftex
*geometry* verbose mode - [ preamble ] result:
* driver: pdftex
* paper: custom
* layout: <same size as paper>
* layoutoffset:(h,v)=(0.0pt,0.0pt)
* modes: includehead includefoot twoside heightrounded 
* h-part:(L,W,R)=(54.0pt, 506.295pt, 54.0pt)
* v-part:(T,H,B)=(57.0pt, 664.96999pt, 73.0pt)
* \paperwidth=614.295pt
* \paperheight=794.96999pt
* \textwidth=506.295pt
* \textheight=626.0pt
* \oddsidemargin=-18.26999pt
* \evensidemargin=-18.26999pt
* \topmargin=-15.26999pt
* \headheight=13.0pt
* \headsep=14.0pt
* \topskip=10.0pt
* \footskip=12.0pt
* \marginparwidth=24.0pt
* \marginparsep=11.0pt
* \columnsep=24.0pt
* \skip\footins=7.0pt plus 11.0pt
* \hoffset=0.0pt
* \voffset=0.0pt
* \mag=1000
* \@twocolumnfalse
* \@twosidetrue
* \@mparswitchtrue
* \@reversemarginfalse
* (1in=72.27pt=25.4mm, 1cm=28.453pt)

\c@mv@tabular=\count392
\c@mv@boldtabular=\count393

(/opt/homebrew/Cellar/texlive/20220321_3/share/texmf-dist/tex/latex/upquote/upq
uote.sty
Package: upquote 2012/04/19 v1.3 upright-quote and grave-accent glyphs in verba
tim
)
Package caption Info: Begin \AtBeginDocument code.
Package caption Info: subfig package v1.3 is loaded.
Package caption Info: float package is loaded.
Package caption Info: listings package is loaded.
Package caption Info: End \AtBeginDocument code.
\c@lstlisting=\count394

(/opt/homebrew/Cellar/texlive/20220321_3/share/texmf-dist/tex/latex/fmtcount/fc
-english.def
File: fc-english.def 2016/01/12
) (./abstract.tex)
LaTeX Font Info:    Font shape `T1/LinuxLibertineT-TLF/m/n' will be
(Font)              scaled to size 17.28pt on input line 20.
LaTeX Font Info:    Trying to load font information for T1+LinuxBiolinumT-TLF o
n input line 20.

(/opt/homebrew/Cellar/texlive/20220321_3/share/texmf-dist/tex/latex/libertine/T
1LinuxBiolinumT-TLF.fd
File: T1LinuxBiolinumT-TLF.fd 2017/03/20 (autoinst) Font definitions for T1/Lin
uxBiolinumT-TLF.
)
LaTeX Font Info:    Font shape `T1/LinuxBiolinumT-TLF/m/n' will be
(Font)              scaled to size 17.28pt on input line 20.
Package microtype Info: Loading generic protrusion settings for font family
(microtype)             `LinuxBiolinumT-TLF' (encoding: T1).
(microtype)             For optimal results, create family-specific settings.
(microtype)             See the microtype manual for details.
LaTeX Font Info:    Font shape `T1/LinuxBiolinumT-TLF/b/n' will be
(Font)              scaled to size 17.28pt on input line 20.
LaTeX Font Info:    Font shape `OT1/LinuxLibertineT-TLF/m/n' will be
(Font)              scaled to size 17.28pt on input line 20.
Package microtype Info: Loading generic protrusion settings for font family
(microtype)             `LinuxLibertineT-TLF' (encoding: OT1).
(microtype)             For optimal results, create family-specific settings.
(microtype)             See the microtype manual for details.
LaTeX Font Info:    Font shape `OT1/LinuxLibertineT-TLF/m/n' will be
(Font)              scaled to size 12.5pt on input line 20.
LaTeX Font Info:    Font shape `OT1/LinuxLibertineT-TLF/m/n' will be
(Font)              scaled to size 9.4pt on input line 20.

(/opt/homebrew/Cellar/texlive/20220321_3/share/texmf-dist/tex/latex/microtype/m
t-msa.cfg
File: mt-msa.cfg 2006/02/04 v1.1 microtype config. file: AMS symbols (a) (RS)
)
(/opt/homebrew/Cellar/texlive/20220321_3/share/texmf-dist/tex/latex/microtype/m
t-msb.cfg
File: mt-msb.cfg 2005/06/01 v1.0 microtype config. file: AMS symbols (b) (RS)
)
LaTeX Font Info:    Font shape `T1/LinuxLibertineT-TLF/m/n' will be
(Font)              scaled to size 12.0pt on input line 20.
LaTeX Font Info:    Font shape `T1/LinuxLibertineT-TLF/m/n' will be
(Font)              scaled to size 10.0pt on input line 20.
LaTeX Font Info:    Font shape `T1/LinuxLibertineT-TLF/m/it' will be
(Font)              scaled to size 7.0pt on input line 20.
LaTeX Font Info:    Trying to load font information for TS1+LinuxLibertineT-TLF
 on input line 20.

(/opt/homebrew/Cellar/texlive/20220321_3/share/texmf-dist/tex/latex/libertine/T
S1LinuxLibertineT-TLF.fd
File: TS1LinuxLibertineT-TLF.fd 2017/03/20 (autoinst) Font definitions for TS1/
LinuxLibertineT-TLF.
)
LaTeX Font Info:    Font shape `TS1/LinuxLibertineT-TLF/m/n' will be
(Font)              scaled to size 7.0pt on input line 20.
Package microtype Info: Loading generic protrusion settings for font family
(microtype)             `LinuxLibertineT-TLF' (encoding: TS1).
(microtype)             For optimal results, create family-specific settings.
(microtype)             See the microtype manual for details.
LaTeX Font Info:    Font shape `T1/LinuxLibertineT-TLF/b/n' will be
(Font)              scaled to size 9.0pt on input line 20.
LaTeX Font Info:    Font shape `T1/LinuxLibertineT-TLF/b/n' will be
(Font)              scaled to size 10.95pt on input line 20.
LaTeX Font Info:    Font shape `OT1/LinuxLibertineT-TLF/m/n' will be
(Font)              scaled to size 9.0pt on input line 20.


Package hyperref Warning: Token not allowed in a PDF string (Unicode):
(hyperref)                removing `math shift' on input line 20.


Package hyperref Warning: Token not allowed in a PDF string (Unicode):
(hyperref)                removing `superscript' on input line 20.


Package hyperref Warning: Token not allowed in a PDF string (Unicode):
(hyperref)                removing `math shift' on input line 20.

LaTeX Font Info:    Font shape `T1/LinuxLibertineT-TLF/m/n' will be
(Font)              scaled to size 8.0pt on input line 20.
LaTeX Font Info:    Font shape `T1/LinuxLibertineT-TLF/b/n' will be
(Font)              scaled to size 8.0pt on input line 20.
LaTeX Font Info:    Font shape `OT1/LinuxLibertineT-TLF/m/n' will be
(Font)              scaled to size 8.0pt on input line 20.
LaTeX Font Info:    Font shape `OT1/LinuxLibertineT-TLF/m/n' will be
(Font)              scaled to size 6.2pt on input line 20.
LaTeX Font Info:    Font shape `T1/LinuxLibertineT-TLF/m/it' will be
(Font)              scaled to size 8.0pt on input line 20.
(./intro.tex
LaTeX Font Info:    Font shape `T1/LinuxLibertineT-TLF/m/it' will be
(Font)              scaled to size 9.0pt on input line 160.

Underfull \vbox (badness 10000) has occurred while \output is active []

LaTeX Font Info:    Font shape `T1/LinuxLibertineT-TLF/m/n' will be
(Font)              scaled to size 6.0pt on input line 181.
 [1.1{/opt/homebrew/Cellar/texlive/20220321_3/share/texmf-dist/fonts/map/pdftex
/updmap/pdftex.map}

]

Class acmart Warning: \vspace should only be used to provide space above/below 
surrounding objects on input line 219.

) (./background.tex
Underfull \vbox (badness 10000) has occurred while \output is active []


(/opt/homebrew/Cellar/texlive/20220321_3/share/texmf-dist/tex/latex/listings/ls
tlang1.sty
File: lstlang1.sty 2020/03/24 1.8d listings language file
)
Package hyperref Info: bookmark level for unknown lstlisting defaults to 0 on i
nput line 27.
LaTeX Font Info:    Font shape `T1/LinuxBiolinumT-TLF/m/n' will be
(Font)              scaled to size 8.0pt on input line 27.
 (./code/checklist_template2.py
LaTeX Font Info:    Trying to load font information for TS1+LinuxBiolinumT-TLF 
on input line 2.

(/opt/homebrew/Cellar/texlive/20220321_3/share/texmf-dist/tex/latex/libertine/T
S1LinuxBiolinumT-TLF.fd
File: TS1LinuxBiolinumT-TLF.fd 2017/03/20 (autoinst) Font definitions for TS1/L
inuxBiolinumT-TLF.
)
LaTeX Font Info:    Font shape `TS1/LinuxBiolinumT-TLF/m/n' will be
(Font)              scaled to size 8.0pt on input line 2.
Package microtype Info: Loading generic protrusion settings for font family
(microtype)             `LinuxBiolinumT-TLF' (encoding: TS1).
(microtype)             For optimal results, create family-specific settings.
(microtype)             See the microtype manual for details.
)

Class acmart Warning: A possible image without description on input line 31.

LaTeX Font Info:    Font shape `T1/LinuxLibertineT-TLF/m/n' will be
(Font)              scaled to size 7.3pt on input line 38.
LaTeX Font Info:    Font shape `T1/LinuxLibertineT-TLF/m/n' will be
(Font)              scaled to size 5.5pt on input line 38.

LaTeX Warning: Reference `code:tempex:airnoun:1' on page 2 undefined on input l
ine 40.

) (./approach.tex
Overfull \hbox (3.66743pt too wide) in paragraph at lines 46--1
[]\T1/LinuxLibertineT-TLF/m/n/9 (-20) Despite the sim-ple ap-proach used for te
st case gen-er-a-tion, CHECK-
 []



pdfTeX warning: pdflatex (file ./figs/overview.pdf): PDF inclusion: found PDF v
ersion <1.7>, but at most version <1.5> allowed
<figs/overview.pdf, id=133, 930.47626pt x 280.04625pt>
File: figs/overview.pdf Graphic file (type pdf)
<use figs/overview.pdf>
Package pdftex.def Info: figs/overview.pdf  used on input line 6.
(pdftex.def)             Requested size: 430.35384pt x 129.52362pt.

Class acmart Warning: A possible image without description on input line 9.


Overfull \hbox (17.62029pt too wide) in paragraph at lines 15--19
\T1/LinuxLibertineT-TLF/m/n/9 (-20) We de-sign and im-ple-ment a new NLP model 
test-ing method, \T1/LinuxLibertineT-TLF/m/it/9 (-20) Specification-
 []

LaTeX Font Info:    Font shape `T1/LinuxBiolinumT-TLF/m/n' will be
(Font)              scaled to size 9.0pt on input line 55.
LaTeX Font Info:    Font shape `T1/LinuxBiolinumT-TLF/m/n' will be
(Font)              scaled to size 7.0pt on input line 55.
[2.2]
Underfull \vbox (badness 2426) has occurred while \output is active []


(./tables/lc-requirement-table.tex) (./tables/lc-hsd-requirement-table.tex

LaTeX Warning: Float too large for page by 5.83586pt on input line 113.

)
LaTeX Font Info:    Font shape `T1/LinuxBiolinumT-TLF/m/it' will be
(Font)              scaled to size 9.0pt on input line 209.
 (./code/prod_diff_pseudocode.tex
Package hyperref Info: bookmark level for unknown algorithm defaults to 0 on in
put line 5.

Underfull \vbox (badness 2435) has occurred while \output is active []

 [3.3 <./figs/overview.pdf>])

pdfTeX warning: pdflatex (file ./figs/running_example.pdf): PDF inclusion: foun
d PDF version <1.7>, but at most version <1.5> allowed
<figs/running_example.pdf, id=220, 694.19348pt x 217.21149pt>
File: figs/running_example.pdf Graphic file (type pdf)
<use figs/running_example.pdf>
Package pdftex.def Info: figs/running_example.pdf  used on input line 260.
(pdftex.def)             Requested size: 416.5193pt x 130.3279pt.

Class acmart Warning: A possible image without description on input line 268.

[4.4]) (./experiment.tex
Underfull \vbox (badness 2556) has occurred while \output is active []

LaTeX Font Info:    Font shape `T1/LinuxLibertineT-TLF/b/it' will be
(Font)              scaled to size 9.0pt on input line 28.
LaTeX Font Info:    Trying to load font information for T1+zi4 on input line 30
.

(/opt/homebrew/Cellar/texlive/20220321_3/share/texmf-dist/tex/latex/inconsolata
/t1zi4.fd
File: t1zi4.fd 2018/01/14 T1/zi4 (Inconsolata)
)
LaTeX Font Info:    Font shape `T1/zi4/m/n' will be
(Font)              scaled to size 9.0pt on input line 30.
Package microtype Info: Loading generic protrusion settings for font family
(microtype)             `zi4' (encoding: T1).
(microtype)             For optimal results, create family-specific settings.
(microtype)             See the microtype manual for details.


Package natbib Warning: Citation `sanh2019distilbertad' on page 5 undefined on 
input line 32.


Package natbib Warning: Citation `aluru2020deep' on page 5 undefined on input l
ine 33.


Overfull \hbox (2.8384pt too wide) in paragraph at lines 28--35
\T1/LinuxLibertineT-TLF/m/n/9 (-20) y-sis task, and \T1/zi4/m/n/9 dehate-BERT \
T1/LinuxLibertineT-TLF/m/n/9 (-20) (Hate-speech-CNERG/dehatebert-mono-
 []


Package natbib Warning: Citation `mathew2021hatexplain' on page 5 undefined on 
input line 39.

[5.5 <./figs/running_example.pdf>]) (./result.tex
Overfull \hbox (61.84332pt too wide) in paragraph at lines 4--5
\T1/LinuxLibertineT-TLF/m/n/9 (-20) the RQs. More re-sults are avail-able at ht
tps://github.com/csresearcher27/s2lct$[]$project. 
 []

(./tables/test-results-all-table.tex
Underfull \hbox (badness 10000) in paragraph at lines 154--154
[]\T1/LinuxLibertineT-TLF/b/n/8 (+20) S$[]$LCT
 []


Underfull \hbox (badness 10000) in paragraph at lines 154--154
[]\T1/LinuxLibertineT-TLF/b/n/8 (+20) S$[]$LCT
 []


Overfull \hbox (1.3464pt too wide) in paragraph at lines 154--154
 []\T1/LinuxLibertineT-TLF/b/n/8 (-20) S$[]$LCT/Cklst 
 []


Overfull \hbox (1.3464pt too wide) in paragraph at lines 154--154
 []\T1/LinuxLibertineT-TLF/b/n/8 (-20) S$[]$LCT/Cklst 
 []

[6.6]) (./tables/test-results-hs-table.tex
Underfull \hbox (badness 10000) in paragraph at lines 223--223
[]\T1/LinuxLibertineT-TLF/b/n/8 (+20) Htck
 []


Underfull \hbox (badness 10000) in paragraph at lines 223--223
[]\T1/LinuxLibertineT-TLF/b/n/8 (+20) S$[]$LCT
 []


Underfull \hbox (badness 10000) in paragraph at lines 223--223
[]\T1/LinuxLibertineT-TLF/b/n/8 (+20) S$[]$LCT
 []

)
Package epstopdf Info: Source file: <figs/pdr-selfbleu-agg-lineplot.eps>
(epstopdf)                    date: 2023-01-10 14:45:43
(epstopdf)                    size: 45371 bytes
(epstopdf)             Output file: <figs/pdr-selfbleu-agg-lineplot-eps-convert
ed-to.pdf>
(epstopdf)                    date: 2023-01-10 14:45:43
(epstopdf)                    size: 14869 bytes
(epstopdf)             Command: <repstopdf --outfile=figs/pdr-selfbleu-agg-line
plot-eps-converted-to.pdf figs/pdr-selfbleu-agg-lineplot.eps>
(epstopdf)             \includegraphics on input line 16.
Package epstopdf Info: Output file is already uptodate.
<figs/pdr-selfbleu-agg-lineplot-eps-converted-to.pdf, id=381, 463.7325pt x 347.
2975pt>
File: figs/pdr-selfbleu-agg-lineplot-eps-converted-to.pdf Graphic file (type pd
f)
<use figs/pdr-selfbleu-agg-lineplot-eps-converted-to.pdf>
Package pdftex.def Info: figs/pdr-selfbleu-agg-lineplot-eps-converted-to.pdf  u
sed on input line 16.
(pdftex.def)             Requested size: 177.20633pt x 132.71632pt.


Class acmart Warning: A possible image without description on input line 18.

Package epstopdf Info: Source file: <figs/pdr-ours-50seeds-barplot.eps>
(epstopdf)                    date: 2023-01-10 14:45:43
(epstopdf)                    size: 36685 bytes
(epstopdf)             Output file: <figs/pdr-ours-50seeds-barplot-eps-converte
d-to.pdf>
(epstopdf)                    date: 2023-01-10 14:45:43
(epstopdf)                    size: 12634 bytes
(epstopdf)             Command: <repstopdf --outfile=figs/pdr-ours-50seeds-barp
lot-eps-converted-to.pdf figs/pdr-ours-50seeds-barplot.eps>
(epstopdf)             \includegraphics on input line 37.
Package epstopdf Info: Output file is already uptodate.
<figs/pdr-ours-50seeds-barplot-eps-converted-to.pdf, id=382, 463.7325pt x 347.2
975pt>
File: figs/pdr-ours-50seeds-barplot-eps-converted-to.pdf Graphic file (type pdf
)
<use figs/pdr-ours-50seeds-barplot-eps-converted-to.pdf>
Package pdftex.def Info: figs/pdr-ours-50seeds-barplot-eps-converted-to.pdf  us
ed on input line 37.
(pdftex.def)             Requested size: 177.20633pt x 132.71632pt.

Class acmart Warning: A possible image without description on input line 39.

Package epstopdf Info: Source file: <figs/numfail-pass2fail-agg-lineplot.eps>
(epstopdf)                    date: 2023-01-10 14:45:43
(epstopdf)                    size: 66034 bytes
(epstopdf)             Output file: <figs/numfail-pass2fail-agg-lineplot-eps-co
nverted-to.pdf>
(epstopdf)                    date: 2023-01-10 14:45:43
(epstopdf)                    size: 13162 bytes
(epstopdf)             Command: <repstopdf --outfile=figs/numfail-pass2fail-agg
-lineplot-eps-converted-to.pdf figs/numfail-pass2fail-agg-lineplot.eps>
(epstopdf)             \includegraphics on input line 43.
Package epstopdf Info: Output file is already uptodate.
<figs/numfail-pass2fail-agg-lineplot-eps-converted-to.pdf, id=383, 463.7325pt x
 347.2975pt>
File: figs/numfail-pass2fail-agg-lineplot-eps-converted-to.pdf Graphic file (ty
pe pdf)
<use figs/numfail-pass2fail-agg-lineplot-eps-converted-to.pdf>
Package pdftex.def Info: figs/numfail-pass2fail-agg-lineplot-eps-converted-to.p
df  used on input line 43.
(pdftex.def)             Requested size: 177.20633pt x 132.71632pt.

Class acmart Warning: A possible image without description on input line 45.


LaTeX Warning: Reference `table:TestResult' on page 7 undefined on input line 7
4.

[7.7 <./figs/pdr-selfbleu-agg-lineplot-eps-converted-to.pdf> <./figs/pdr-ours-5
0seeds-barplot-eps-converted-to.pdf> <./figs/numfail-pass2fail-agg-lineplot-eps
-converted-to.pdf>] (./CM/coverage.tex
<figs/nlp_coverage.pdf, id=418, 629.15619pt x 336.12337pt>
File: figs/nlp_coverage.pdf Graphic file (type pdf)
<use figs/nlp_coverage.pdf>
Package pdftex.def Info: figs/nlp_coverage.pdf  used on input line 4.
(pdftex.def)             Requested size: 253.14749pt x 135.24191pt.

Overfull \hbox (12.0pt too wide) in paragraph at lines 4--6
 [][] 
 []


Class acmart Warning: A possible image without description on input line 8.

) (./tables/manual-study-table.tex)
LaTeX Font Info:    Font shape `OT1/LinuxLibertineT-TLF/m/n' will be
(Font)              scaled to size 10.95pt on input line 120.
LaTeX Font Info:    Font shape `OT1/LinuxLibertineT-TLF/m/n' will be
(Font)              scaled to size 6.1pt on input line 120.


Package hyperref Warning: Token not allowed in a PDF string (Unicode):
(hyperref)                removing `math shift' on input line 120.


Package hyperref Warning: Token not allowed in a PDF string (Unicode):
(hyperref)                removing `superscript' on input line 120.


Package hyperref Warning: Token not allowed in a PDF string (Unicode):
(hyperref)                removing `math shift' on input line 120.

<figs/explain.pdf, id=425, 1385.1685pt x 558.0646pt>
File: figs/explain.pdf Graphic file (type pdf)
<use figs/explain.pdf>
Package pdftex.def Info: figs/explain.pdf  used on input line 127.
(pdftex.def)             Requested size: 405.03754pt x 163.18002pt.

Class acmart Warning: A possible image without description on input line 131.


Class acmart Warning: \vspace should only be used to provide space above/below 
surrounding objects on input line 134.


Class acmart Warning: \vspace should only be used to provide space above/below 
surrounding objects on input line 150.

[8.8 <./figs/nlp_coverage.pdf>]) (./threats.tex) (./related.tex

Class acmart Warning: \vspace should only be used to provide space above/below 
surrounding objects on input line 1.


Underfull \vbox (badness 10000) has occurred while \output is active []



Class acmart Warning: \vspace should only be used to provide space above/below 
surrounding objects on input line 4.


Class acmart Warning: \vspace should only be used to provide space above/below 
surrounding objects on input line 33.

[9.9 <./figs/explain.pdf>]

Class acmart Warning: \vspace should only be used to provide space above/below 
surrounding objects on input line 76.


Class acmart Warning: \vspace should only be used to provide space above/below 
surrounding objects on input line 89.

) (./concl.tex

Class acmart Warning: \vspace should only be used to provide space above/below 
surrounding objects on input line 1.

) [10.10

] [11.11] [12.12] [13.13] [14.14


] (./main.bbl
LaTeX Info: Redefining \tempurl on input line 70.
LaTeX Info: Redefining \tempurl on input line 88.
LaTeX Info: Redefining \tempurl on input line 104.
LaTeX Info: Redefining \tempurl on input line 122.
LaTeX Info: Redefining \tempurl on input line 138.
LaTeX Info: Redefining \tempurl on input line 155.
LaTeX Info: Redefining \tempurl on input line 182.
LaTeX Info: Redefining \tempurl on input line 223.
LaTeX Info: Redefining \tempurl on input line 239.
LaTeX Info: Redefining \tempurl on input line 296.
LaTeX Info: Redefining \tempurl on input line 311.
LaTeX Info: Redefining \tempurl on input line 326.
LaTeX Info: Redefining \tempurl on input line 340.
LaTeX Info: Redefining \tempurl on input line 356.

Underfull \hbox (badness 1043) in paragraph at lines 348--359
[]\T1/LinuxLibertineT-TLF/m/n/7 (+20) Linyang Li, Ruo-tian Ma, Qipeng Guo, Xi-a
ngyang Xue, and Xipeng Qiu.
 []


Underfull \vbox (badness 10000) has occurred while \output is active []

LaTeX Info: Redefining \tempurl on input line 376.
LaTeX Info: Redefining \tempurl on input line 408.
LaTeX Info: Redefining \tempurl on input line 440.
LaTeX Info: Redefining \tempurl on input line 457.
LaTeX Info: Redefining \tempurl on input line 474.
LaTeX Info: Redefining \tempurl on input line 502.
LaTeX Info: Redefining \tempurl on input line 520.
LaTeX Info: Redefining \tempurl on input line 586.
LaTeX Info: Redefining \tempurl on input line 603.
LaTeX Info: Redefining \tempurl on input line 619.
LaTeX Info: Redefining \tempurl on input line 645.
LaTeX Info: Redefining \tempurl on input line 661.
LaTeX Info: Redefining \tempurl on input line 680.
 [15.15


]
LaTeX Info: Redefining \tempurl on input line 698.
LaTeX Info: Redefining \tempurl on input line 716.
LaTeX Info: Redefining \tempurl on input line 732.
LaTeX Info: Redefining \tempurl on input line 747.
LaTeX Info: Redefining \tempurl on input line 765.
)

Package natbib Warning: There were undefined citations.


(/opt/homebrew/Cellar/texlive/20220321_3/share/texmf-dist/tex/generic/stringenc
/se-pdfdoc.def
File: se-pdfdoc.def 2019/11/29 v1.12 stringenc: PDFDocEncoding
)
(/opt/homebrew/Cellar/texlive/20220321_3/share/texmf-dist/tex/generic/stringenc
/se-utf8.def
File: se-utf8.def 2019/11/29 v1.12 stringenc: UTF-8
)

Class acmart Warning: Some images may lack descriptions.


Class acmart Warning: ACM keywords are mandatory for papers over two pages.


Class acmart Warning: CCS concepts are mandatory for papers over two pages.

[16.16] (./main.aux)

LaTeX Warning: There were undefined references.

Package rerunfilecheck Info: File `main.out' has not changed.
(rerunfilecheck)             Checksum: 42B980A5093EA15919EDBE1C4CB27CE1;3372.
 ) 
Here is how much of TeX's memory you used:
 39587 strings out of 478268
 782305 string characters out of 5835366
 1300248 words of memory out of 5000000
 55955 multiletter control sequences out of 15000+600000
 700713 words of font info for 584 fonts, out of 8000000 for 9000
 1302 hyphenation exceptions out of 8191
 93i,17n,131p,1345b,1906s stack positions out of 10000i,1000n,20000p,200000b,200000s
{/opt/homebrew/Cellar/texlive/20220321_3/share/texmf-dist/fonts/enc/dvips/inc
onsolata/i4-t1-4.enc}{/opt/homebrew/Cellar/texlive/20220321_3/share/texmf-dist/
fonts/enc/dvips/libertine/lbtn_ki75ao.enc}{/opt/homebrew/Cellar/texlive/2022032
1_3/share/texmf-dist/fonts/enc/dvips/libertine/lbtn_25tcsq.enc}{/opt/homebrew/C
ellar/texlive/20220321_3/share/texmf-dist/fonts/enc/dvips/libertine/lbtn_afusau
.enc}{/opt/homebrew/Cellar/texlive/20220321_3/share/texmf-dist/fonts/enc/dvips/
libertine/lbtn_naooyc.enc}{/opt/homebrew/Cellar/texlive/20220321_3/share/texmf-
dist/fonts/enc/dvips/libertine/lbtn_7grukw.enc}{/opt/homebrew/Cellar/texlive/20
220321_3/share/texmf-dist/fonts/enc/dvips/libertine/lbtn_nh77jq.enc}{/opt/homeb
rew/Cellar/texlive/20220321_3/share/texmf-dist/fonts/enc/dvips/libertine/lbtn_o
exx6f.enc}{/opt/homebrew/Cellar/texlive/20220321_3/share/texmf-dist/fonts/enc/d
vips/libertine/lbtn_76gpa5.enc}</opt/homebrew/Cellar/texlive/20220321_3/share/t
exmf-dist/fonts/type1/public/inconsolata/Inconsolata-zi4r.pfb></opt/homebrew/Ce
llar/texlive/20220321_3/share/texmf-dist/fonts/type1/public/newtx/LibertineMath
MI.pfb></opt/homebrew/Cellar/texlive/20220321_3/share/texmf-dist/fonts/type1/pu
blic/newtx/LibertineMathMI7.pfb></opt/homebrew/Cellar/texlive/20220321_3/share/
texmf-dist/fonts/type1/public/libertine/LinBiolinumT.pfb></opt/homebrew/Cellar/
texlive/20220321_3/share/texmf-dist/fonts/type1/public/libertine/LinBiolinumTB.
pfb></opt/homebrew/Cellar/texlive/20220321_3/share/texmf-dist/fonts/type1/publi
c/libertine/LinBiolinumTI.pfb></opt/homebrew/Cellar/texlive/20220321_3/share/te
xmf-dist/fonts/type1/public/libertine/LinLibertineT.pfb></opt/homebrew/Cellar/t
exlive/20220321_3/share/texmf-dist/fonts/type1/public/libertine/LinLibertineTB.
pfb></opt/homebrew/Cellar/texlive/20220321_3/share/texmf-dist/fonts/type1/publi
c/libertine/LinLibertineTBI.pfb></opt/homebrew/Cellar/texlive/20220321_3/share/
texmf-dist/fonts/type1/public/libertine/LinLibertineTI.pfb></opt/homebrew/Cella
r/texlive/20220321_3/share/texmf-dist/fonts/type1/public/newtx/NewTXMI7.pfb></o
pt/homebrew/Cellar/texlive/20220321_3/share/texmf-dist/fonts/type1/public/newtx
/txexs.pfb></opt/homebrew/Cellar/texlive/20220321_3/share/texmf-dist/fonts/type
1/public/newtx/txmiaX.pfb></opt/homebrew/Cellar/texlive/20220321_3/share/texmf-
dist/fonts/type1/public/newtx/txsys.pfb>
Output written on main.pdf (16 pages, 867520 bytes).
PDF statistics:
 776 PDF objects out of 1000 (max. 8388607)
 668 compressed objects within 7 object streams
 154 named destinations out of 1000 (max. 500000)
 123600 words of extra memory for PDF output out of 128383 (max. 10000000)

